<?xml version="1.0" encoding="UTF-8"?>
<!-- Generated by org.testng.reporters.JUnitXMLReporter -->
<testsuite ignored="12" hostname="DESKTOP-PJ8V1CP" failures="0" tests="1" name="State Farm Automation" time="16.01" errors="0" timestamp="2020-11-23T05:40:31 CST">
  <testcase classname="TestClaim.ClaimPageTest" name="testTrackaClaim" time="5.894"/>
  <testcase classname="TestClaim.ClaimPageTest" name="testContactFooterClaim" time="0.0">
    <ignored/>
  </testcase> <!-- testContactFooterClaim -->
  <testcase classname="TestClaim.ClaimPageTest" name="testAboutFooterClaim" time="0.0">
    <ignored/>
  </testcase> <!-- testAboutFooterClaim -->
  <testcase classname="TestClaim.ClaimPageTest" name="testAutoGlassOnlyRadioButton" time="0.0">
    <ignored/>
  </testcase> <!-- testAutoGlassOnlyRadioButton -->
  <testcase classname="TestClaim.ClaimPageTest" name="testCareerFooterClaim" time="0.0">
    <ignored/>
  </testcase> <!-- testCareerFooterClaim -->
  <testcase classname="TestClaim.ClaimPageTest" name="testRecreationalVehicalRadioButton" time="0.0">
    <ignored/>
  </testcase> <!-- testRecreationalVehicalRadioButton -->
  <testcase classname="TestClaim.ClaimPageTest" name="testHealthRadioButton" time="0.0">
    <ignored/>
  </testcase> <!-- testHealthRadioButton -->
  <testcase classname="TestClaim.ClaimPageTest" name="testLifeRadioButton" time="0.0">
    <ignored/>
  </testcase> <!-- testLifeRadioButton -->
  <testcase classname="TestClaim.ClaimPageTest" name="testRetireeFooterClaim" time="0.0">
    <ignored/>
  </testcase> <!-- testRetireeFooterClaim -->
  <testcase classname="TestClaim.ClaimPageTest" name="testSmallBusinessRadioButton" time="0.0">
    <ignored/>
  </testcase> <!-- testSmallBusinessRadioButton -->
  <testcase classname="TestClaim.ClaimPageTest" name="testTranscriptmusiclinkplay" time="0.0">
    <ignored/>
  </testcase> <!-- testTranscriptmusiclinkplay -->
  <testcase classname="TestClaim.ClaimPageTest" name="testHomeBoatPropertyRadioButton" time="0.0">
    <ignored/>
  </testcase> <!-- testHomeBoatPropertyRadioButton -->
  <testcase classname="TestClaim.ClaimPageTest" name="testStateFarmClaimPage" time="0.0">
    <ignored/>
  </testcase> <!-- testStateFarmClaimPage -->
</testsuite> <!-- State Farm Automation -->
