<?xml version="1.0" encoding="UTF-8"?>
<!-- Generated by org.testng.reporters.JUnitXMLReporter -->
<testsuite ignored="0" hostname="LAPTOP-8DAJPHUM" failures="1" tests="9" name="Bank Of America Location Test" time="100.139" errors="0" timestamp="2020-11-13T23:43:49 EST">
  <testcase classname="com.BOAtest.BOATest" name="BOAHomePage" time="0.013"/>
  <testcase classname="com.BOAtest.BOATest" name="LocationByFilters" time="2.482"/>
  <testcase classname="com.BOAtest.BOATest" name="LocationPage" time="8.359"/>
  <testcase classname="com.BOAtest.BOATest" name="SearchBox" time="3.386"/>
  <testcase classname="com.BOAtest.BOATest" name="checkNearMeButtonMap" time="1.867"/>
  <testcase classname="com.BOAtest.BOATest" name="closeFilterFunctions" time="4.589"/>
  <testcase classname="com.BOAtest.BOATest" name="findLocationByState" time="3.533"/>
  <testcase classname="com.BOAtest.BOATest" name="openFilterFunctions" time="1.076">
    <failure type="org.openqa.selenium.ElementClickInterceptedException" message="element click intercepted: Element &amp;lt;a id=&amp;quot;footer_bofa_locations&amp;quot; href=&amp;quot;https://locators.bankofamerica.com/&amp;quot;&amp;gt;...&amp;lt;/a&amp;gt; is not clickable at point (374, 915). Other element would receive the click: &amp;lt;a id=&amp;quot;AMT2HXAC&amp;quot; href=&amp;quot;https://about.bankofamerica.com/promo/assistance/latest-updates-from-bank-of-america-coronavirus/?cm_sp=EBZ-BAC-Announcement-_-BACAnnouncement-_-AMT2HXAC01_Engagement_Banner_CV_Payments_ShowToAll_EB_cvStimulusHlCta&amp;quot; class=&amp;quot;engagement-banner-link&amp;quot;&amp;gt;...&amp;lt;/a&amp;gt;
  (Session info: chrome=86.0.4240.198)
Build info: version: &amp;apos;3.141.59&amp;apos;, revision: &amp;apos;e82be7d358&amp;apos;, time: &amp;apos;2018-11-14T08:17:03&amp;apos;
System info: host: &amp;apos;LAPTOP-8DAJPHUM&amp;apos;, ip: &amp;apos;192.168.0.4&amp;apos;, os.name: &amp;apos;Windows 10&amp;apos;, os.arch: &amp;apos;amd64&amp;apos;, os.version: &amp;apos;10.0&amp;apos;, java.version: &amp;apos;11.0.8&amp;apos;
Driver info: org.openqa.selenium.chrome.ChromeDriver
Capabilities {acceptInsecureCerts: false, browserName: chrome, browserVersion: 86.0.4240.198, chrome: {chromedriverVersion: 86.0.4240.22 (398b0743353ff..., userDataDir: C:\Users\alaed\AppData\Loca...}, goog:chromeOptions: {debuggerAddress: localhost:50631}, javascriptEnabled: true, networkConnectionEnabled: false, pageLoadStrategy: normal, platform: WINDOWS, platformName: WINDOWS, proxy: Proxy(), setWindowRect: true, strictFileInteractability: false, timeouts: {implicit: 0, pageLoad: 300000, script: 30000}, unhandledPromptBehavior: dismiss and notify, webauthn:virtualAuthenticators: true}
Session ID: 30154016920eb9e5236ca302b5acdc5b">
      <![CDATA[org.openqa.selenium.ElementClickInterceptedException: element click intercepted: Element <a id="footer_bofa_locations" href="https://locators.bankofamerica.com/">...</a> is not clickable at point (374, 915). Other element would receive the click: <a id="AMT2HXAC" href="https://about.bankofamerica.com/promo/assistance/latest-updates-from-bank-of-america-coronavirus/?cm_sp=EBZ-BAC-Announcement-_-BACAnnouncement-_-AMT2HXAC01_Engagement_Banner_CV_Payments_ShowToAll_EB_cvStimulusHlCta" class="engagement-banner-link">...</a>
  (Session info: chrome=86.0.4240.198)
Build info: version: '3.141.59', revision: 'e82be7d358', time: '2018-11-14T08:17:03'
System info: host: 'LAPTOP-8DAJPHUM', ip: '192.168.0.4', os.name: 'Windows 10', os.arch: 'amd64', os.version: '10.0', java.version: '11.0.8'
Driver info: org.openqa.selenium.chrome.ChromeDriver
Capabilities {acceptInsecureCerts: false, browserName: chrome, browserVersion: 86.0.4240.198, chrome: {chromedriverVersion: 86.0.4240.22 (398b0743353ff..., userDataDir: C:\Users\alaed\AppData\Loca...}, goog:chromeOptions: {debuggerAddress: localhost:50631}, javascriptEnabled: true, networkConnectionEnabled: false, pageLoadStrategy: normal, platform: WINDOWS, platformName: WINDOWS, proxy: Proxy(), setWindowRect: true, strictFileInteractability: false, timeouts: {implicit: 0, pageLoad: 300000, script: 30000}, unhandledPromptBehavior: dismiss and notify, webauthn:virtualAuthenticators: true}
Session ID: 30154016920eb9e5236ca302b5acdc5b
at org.openqa.selenium.remote.http.W3CHttpResponseCodec.createException(W3CHttpResponseCodec.java:187)
at org.openqa.selenium.remote.http.W3CHttpResponseCodec.decode(W3CHttpResponseCodec.java:122)
at org.openqa.selenium.remote.http.W3CHttpResponseCodec.decode(W3CHttpResponseCodec.java:49)
at org.openqa.selenium.remote.HttpCommandExecutor.execute(HttpCommandExecutor.java:158)
at org.openqa.selenium.remote.service.DriverCommandExecutor.execute(DriverCommandExecutor.java:83)
at org.openqa.selenium.remote.RemoteWebDriver.execute(RemoteWebDriver.java:552)
at org.openqa.selenium.remote.RemoteWebElement.execute(RemoteWebElement.java:285)
at org.openqa.selenium.remote.RemoteWebElement.click(RemoteWebElement.java:84)
at org.openqa.selenium.support.pagefactory.internal.LocatingElementHandler.invoke(LocatingElementHandler.java:51)
at com.sun.proxy.$Proxy14.click(Unknown Source)
at bankofamerica.BOAHmePage.openFilterFunctions(BOAHmePage.java:74)
at com.BOAtest.BOATest.openFilterFunctions(BOATest.java:39)
at java.base/java.util.ArrayList.forEach(ArrayList.java:1541)
... Removed 39 stack frames]]>
    </failure>
  </testcase> <!-- openFilterFunctions -->
  <testcase classname="com.BOAtest.BOATest" name="validateTheLocationInMap" time="3.321"/>
</testsuite> <!-- Bank Of America Location Test -->
