<?xml version="1.0" encoding="UTF-8"?>
<!-- Generated by org.testng.reporters.JUnitXMLReporter -->
<testsuite ignored="12" hostname="DESKTOP-O8BM1FH" failures="0" tests="0" time="0.004" errors="0" timestamp="2020-11-12T20:10:39 CST">
  <testcase classname="testHome.HomePageTest" name="testAccounting" time="0.0">
    <ignored/>
  </testcase> <!-- testAccounting -->
  <testcase classname="testHome.HomePageTest" name="testSearchCo_Manager" time="0.0">
    <ignored/>
  </testcase> <!-- testSearchCo_Manager -->
  <testcase classname="testHome.HomePageTest" name="testSingIn" time="0.0">
    <ignored/>
  </testcase> <!-- testSingIn -->
  <testcase classname="testHome.HomePageTest" name="testOptical" time="0.0">
    <ignored/>
  </testcase> <!-- testOptical -->
  <testcase classname="testHome.HomePageTest" name="testCreateAccount" time="0.0">
    <ignored/>
  </testcase> <!-- testCreateAccount -->
  <testcase classname="testHome.HomePageTest" name="testSoftwareDevelopmentAndEngineering" time="0.0">
    <ignored/>
  </testcase> <!-- testSoftwareDevelopmentAndEngineering -->
  <testcase classname="testHome.HomePageTest" name="testSoftwareDevelopmentAndEngineering1" time="0.0">
    <ignored/>
  </testcase> <!-- testSoftwareDevelopmentAndEngineering1 -->
  <testcase classname="testHome.HomePageTest" name="testShopBySelectPrice" time="0.0">
    <ignored/>
  </testcase> <!-- testShopBySelectPrice -->
  <testcase classname="testHome.HomePageTest" name="testInformationTechnology" time="0.0">
    <ignored/>
  </testcase> <!-- testInformationTechnology -->
  <testcase classname="testHome.HomePageTest" name="testForgetPassword" time="0.0">
    <ignored/>
  </testcase> <!-- testForgetPassword -->
  <testcase classname="testHome.HomePageTest" name="testReturnItem" time="0.0">
    <ignored/>
  </testcase> <!-- testReturnItem -->
  <testcase classname="testHome.HomePageTest" name="testSearchBox" time="0.0">
    <ignored/>
  </testcase> <!-- testSearchBox -->
</testsuite>
