<?xml version="1.0" encoding="UTF-8"?>
<!-- Generated by org.testng.reporters.JUnitXMLReporter -->
<testsuite ignored="15" hostname="DESKTOP-NOMISI3" failures="0" tests="1" name="Walmart Automation" time="19.288" errors="0" timestamp="2020-11-11T16:51:47 EST">
  <testcase classname="testHome.HomePageTest" name="CheckSearchBar" time="9.31"/>
  <testcase classname="testHome.HomePageTest" name="WalmartBurgerClick" time="0.0">
    <ignored/>
  </testcase> <!-- WalmartBurgerClick -->
  <testcase classname="testHome.HomePageTest" name="assertEqual" time="0.0">
    <ignored/>
  </testcase> <!-- assertEqual -->
  <testcase classname="testHome.HomePageTest" name="WalmartEmailbox" time="0.0">
    <ignored/>
  </testcase> <!-- WalmartEmailbox -->
  <testcase classname="testHome.HomePageTest" name="mouseHover" time="0.0">
    <ignored/>
  </testcase> <!-- mouseHover -->
  <testcase classname="testHome.HomePageTest" name="afterclear" time="0.0">
    <ignored/>
  </testcase> <!-- afterclear -->
  <testcase classname="testHome.HomePageTest" name="ValidedWalmartAccount" time="0.0">
    <ignored/>
  </testcase> <!-- ValidedWalmartAccount -->
  <testcase classname="testHome.HomePageTest" name="AddtoCartProdct2" time="0.0">
    <ignored/>
  </testcase> <!-- AddtoCartProdct2 -->
  <testcase classname="testHome.HomePageTest" name="clickField1" time="0.0">
    <ignored/>
  </testcase> <!-- clickField1 -->
  <testcase classname="testHome.HomePageTest" name="assertEqual2" time="0.0">
    <ignored/>
  </testcase> <!-- assertEqual2 -->
  <testcase classname="testHome.HomePageTest" name="AddtoCartProdct" time="0.0">
    <ignored/>
  </testcase> <!-- AddtoCartProdct -->
  <testcase classname="testHome.HomePageTest" name="dropdown" time="0.0">
    <ignored/>
  </testcase> <!-- dropdown -->
  <testcase classname="testHome.HomePageTest" name="WalmartGetErrorText" time="0.0">
    <ignored/>
  </testcase> <!-- WalmartGetErrorText -->
  <testcase classname="testHome.HomePageTest" name="WalmartCheckSigninButton" time="0.0">
    <ignored/>
  </testcase> <!-- WalmartCheckSigninButton -->
  <testcase classname="testHome.HomePageTest" name="clearSearchElement" time="0.0">
    <ignored/>
  </testcase> <!-- clearSearchElement -->
  <testcase classname="testHome.HomePageTest" name="WalmartClickForgotAccount" time="0.0">
    <ignored/>
  </testcase> <!-- WalmartClickForgotAccount -->
</testsuite> <!-- Walmart Automation -->
