<?xml version="1.0" encoding="UTF-8"?>
<!-- Generated by org.testng.reporters.JUnitXMLReporter -->
<testsuite ignored="23" hostname="DESKTOP-PJ8V1CP" failures="1" tests="2" name="Walmart Automation" time="36.415" errors="0" timestamp="2020-11-23T05:37:39 CST">
  <testcase classname="TestCareerPage.CareerPageTest" name="testCareerpageDropDownmilitary" time="7.399">
    <failure type="java.lang.AssertionError" message="Test Fail Test expected [Learn more about our Privacy &amp;amp; Security here] but found []">
      <![CDATA[java.lang.AssertionError: Test Fail Test expected [Learn more about our Privacy & Security here] but found []
at CareerPage.CareerHomePage.ValidateCareerpageDropDownMilitary(CareerHomePage.java:380)
at TestCareerPage.CareerPageTest.testCareerpageDropDownmilitary(CareerPageTest.java:148)
at java.base/java.util.ArrayList.forEach(ArrayList.java:1541)
... Removed 35 stack frames]]>
    </failure>
  </testcase> <!-- testCareerpageDropDownmilitary -->
  <testcase classname="TestCareerPage.CareerPageTest" name="testCareerpageSmartBenefits" time="8.887"/>
  <testcase classname="TestCareerPage.CareerPageTest" name="testCareerpageDropDownAccounting" time="0.0">
    <ignored/>
  </testcase> <!-- testCareerpageDropDownAccounting -->
  <testcase classname="TestCareerPage.CareerPageTest" name="testCareerPageSamsJob" time="0.0">
    <ignored/>
  </testcase> <!-- testCareerPageSamsJob -->
  <testcase classname="TestCareerPage.CareerPageTest" name="testCareerPageecommerce" time="0.0">
    <ignored/>
  </testcase> <!-- testCareerPageecommerce -->
  <testcase classname="TestCareerPage.CareerPageTest" name="testCareerpageStudent" time="0.0">
    <ignored/>
  </testcase> <!-- testCareerpageStudent -->
  <testcase classname="TestCareerPage.CareerPageTest" name="testCareerpageDropDownIT" time="0.0">
    <ignored/>
  </testcase> <!-- testCareerpageDropDownIT -->
  <testcase classname="TestCareerPage.CareerPageTest" name="testCareerPageWalamrtManagement" time="0.0">
    <ignored/>
  </testcase> <!-- testCareerPageWalamrtManagement -->
  <testcase classname="TestCareerPage.CareerPageTest" name="testCareerPageAmericanRenewal" time="0.0">
    <ignored/>
  </testcase> <!-- testCareerPageAmericanRenewal -->
  <testcase classname="TestCareerPage.CareerPageTest" name="testCareerPageCultualSuccess" time="0.0">
    <ignored/>
  </testcase> <!-- testCareerPageCultualSuccess -->
  <testcase classname="TestCareerPage.CareerPageTest" name="testCareerpageDropDownSoftware" time="0.0">
    <ignored/>
  </testcase> <!-- testCareerpageDropDownSoftware -->
  <testcase classname="TestCareerPage.CareerPageTest" name="testCareerpageDropDown" time="0.0">
    <ignored/>
  </testcase> <!-- testCareerpageDropDown -->
  <testcase classname="TestCareerPage.CareerPageTest" name="testCareerpageDropDownDC" time="0.0">
    <ignored/>
  </testcase> <!-- testCareerpageDropDownDC -->
  <testcase classname="TestCareerPage.CareerPageTest" name="testCareerpageDropDownDiversity" time="0.0">
    <ignored/>
  </testcase> <!-- testCareerpageDropDownDiversity -->
  <testcase classname="TestCareerPage.CareerPageTest" name="testCareerpagefooterHistory" time="0.0">
    <ignored/>
  </testcase> <!-- testCareerpagefooterHistory -->
  <testcase classname="TestCareerPage.CareerPageTest" name="testCareerpageDropDownSiliconValley" time="0.0">
    <ignored/>
  </testcase> <!-- testCareerpageDropDownSiliconValley -->
  <testcase classname="TestCareerPage.CareerPageTest" name="testCareerpageHR" time="0.0">
    <ignored/>
  </testcase> <!-- testCareerpageHR -->
  <testcase classname="TestCareerPage.CareerPageTest" name="testSearchJobs" time="0.0">
    <ignored/>
  </testcase> <!-- testSearchJobs -->
  <testcase classname="TestCareerPage.CareerPageTest" name="testSearchBoxCareer" time="0.0">
    <ignored/>
  </testcase> <!-- testSearchBoxCareer -->
  <testcase classname="TestCareerPage.CareerPageTest" name="testCareerpageDropDownPharmacy" time="0.0">
    <ignored/>
  </testcase> <!-- testCareerpageDropDownPharmacy -->
  <testcase classname="TestCareerPage.CareerPageTest" name="testCareerpageShareValues" time="0.0">
    <ignored/>
  </testcase> <!-- testCareerpageShareValues -->
  <testcase classname="TestCareerPage.CareerPageTest" name="testCareerPageSamsManagement" time="0.0">
    <ignored/>
  </testcase> <!-- testCareerPageSamsManagement -->
  <testcase classname="TestCareerPage.CareerPageTest" name="testCareerPageWalamrtStoreJobs" time="0.0">
    <ignored/>
  </testcase> <!-- testCareerPageWalamrtStoreJobs -->
  <testcase classname="TestCareerPage.CareerPageTest" name="testCareerPageDropDownDriver" time="0.0">
    <ignored/>
  </testcase> <!-- testCareerPageDropDownDriver -->
  <testcase classname="TestCareerPage.CareerPageTest" name="testCareerpageDropDownCybersecurity" time="0.0">
    <ignored/>
  </testcase> <!-- testCareerpageDropDownCybersecurity -->
</testsuite> <!-- Walmart Automation -->
