<?xml version="1.0" encoding="UTF-8"?>
<testng-results ignored="23" total="25" passed="1" failed="1" skipped="0">
  <reporter-output>
    <line>
      <![CDATA[Extent Report DirectoryC:\Users\helen\IdeaProjects\WebAutomation_Team2\Walmart\target\surefire-reports\html]]>
    </line>
  </reporter-output>
  <suite started-at="2020-11-23T05:37:03 CST" name="TestSuit" finished-at="2020-11-23T05:37:39 CST" duration-ms="36415">
    <groups>
    </groups>
    <test started-at="2020-11-23T05:37:03 CST" name="Walmart Automation" finished-at="2020-11-23T05:37:39 CST" duration-ms="36415">
      <class name="TestCareerPage.CareerPageTest">
        <test-method is-config="true" signature="extentSetup(org.testng.ITestContext)[pri:0, instance:TestCareerPage.CareerPageTest@41fecb8b]" started-at="2020-11-23T05:37:03 CST" name="extentSetup" finished-at="2020-11-23T05:37:03 CST" duration-ms="244" status="PASS">
          <params>
            <param index="0">
              <value>
                <![CDATA[org.testng.TestRunner@2e1af49b]]>
              </value>
            </param>
          </params>
          <reporter-output>
            <line>
              <![CDATA[Extent Report DirectoryC:\Users\helen\IdeaProjects\WebAutomation_Team2\Walmart\target\surefire-reports\html]]>
            </line>
          </reporter-output>
        </test-method> <!-- extentSetup -->
        <test-method is-config="true" signature="setUp(boolean, java.lang.String, java.lang.String, java.lang.String, java.lang.String, java.lang.String, java.lang.String)[pri:0, instance:TestCareerPage.CareerPageTest@41fecb8b]" started-at="2020-11-23T05:37:03 CST" name="setUp" finished-at="2020-11-23T05:37:11 CST" duration-ms="8542" status="PASS">
          <params>
            <param index="0">
              <value>
                <![CDATA[false]]>
              </value>
            </param>
            <param index="1">
              <value>
                <![CDATA[browserStack]]>
              </value>
            </param>
            <param index="2">
              <value>
                <![CDATA[windows]]>
              </value>
            </param>
            <param index="3">
              <value>
                <![CDATA[10]]>
              </value>
            </param>
            <param index="4">
              <value>
                <![CDATA[chrome]]>
              </value>
            </param>
            <param index="5">
              <value>
                <![CDATA[86]]>
              </value>
            </param>
            <param index="6">
              <value>
                <![CDATA[https://www.walmart.com/]]>
              </value>
            </param>
          </params>
          <reporter-output>
          </reporter-output>
        </test-method> <!-- setUp -->
        <test-method is-config="true" signature="startExtent(java.lang.reflect.Method)[pri:0, instance:TestCareerPage.CareerPageTest@41fecb8b]" started-at="2020-11-23T05:37:11 CST" name="startExtent" finished-at="2020-11-23T05:37:11 CST" duration-ms="5" status="PASS">
          <params>
            <param index="0">
              <value>
                <![CDATA[public void TestCareerPage.CareerPageTest.testCareerpageDropDownmilitary()]]>
              </value>
            </param>
          </params>
          <reporter-output>
          </reporter-output>
        </test-method> <!-- startExtent -->
        <test-method is-config="true" signature="getInit()[pri:0, instance:TestCareerPage.CareerPageTest@41fecb8b]" started-at="2020-11-23T05:37:11 CST" name="getInit" finished-at="2020-11-23T05:37:11 CST" duration-ms="63" status="PASS">
          <reporter-output>
          </reporter-output>
        </test-method> <!-- getInit -->
        <test-method signature="testCareerpageDropDownmilitary()[pri:0, instance:TestCareerPage.CareerPageTest@41fecb8b]" started-at="2020-11-23T05:37:11 CST" name="testCareerpageDropDownmilitary" finished-at="2020-11-23T05:37:19 CST" duration-ms="7399" status="FAIL">
          <exception class="java.lang.AssertionError">
            <message>
              <![CDATA[Test Fail Test expected [Learn more about our Privacy & Security here] but found []]]>
            </message>
            <full-stacktrace>
              <![CDATA[java.lang.AssertionError: Test Fail Test expected [Learn more about our Privacy & Security here] but found []
at org.testng.Assert.fail(Assert.java:97)
at org.testng.Assert.assertEqualsImpl(Assert.java:136)
at org.testng.Assert.assertEquals(Assert.java:118)
at org.testng.Assert.assertEquals(Assert.java:575)
at CareerPage.CareerHomePage.ValidateCareerpageDropDownMilitary(CareerHomePage.java:380)
at TestCareerPage.CareerPageTest.testCareerpageDropDownmilitary(CareerPageTest.java:148)
at java.base/jdk.internal.reflect.NativeMethodAccessorImpl.invoke0(Native Method)
at java.base/jdk.internal.reflect.NativeMethodAccessorImpl.invoke(NativeMethodAccessorImpl.java:62)
at java.base/jdk.internal.reflect.DelegatingMethodAccessorImpl.invoke(DelegatingMethodAccessorImpl.java:43)
at java.base/java.lang.reflect.Method.invoke(Method.java:566)
at org.testng.internal.MethodInvocationHelper.invokeMethod(MethodInvocationHelper.java:134)
at org.testng.internal.TestInvoker.invokeMethod(TestInvoker.java:597)
at org.testng.internal.TestInvoker.invokeTestMethod(TestInvoker.java:173)
at org.testng.internal.MethodRunner.runInSequence(MethodRunner.java:46)
at org.testng.internal.TestInvoker$MethodInvocationAgent.invoke(TestInvoker.java:816)
at org.testng.internal.TestInvoker.invokeTestMethods(TestInvoker.java:146)
at org.testng.internal.TestMethodWorker.invokeTestMethods(TestMethodWorker.java:146)
at org.testng.internal.TestMethodWorker.run(TestMethodWorker.java:128)
at java.base/java.util.ArrayList.forEach(ArrayList.java:1541)
at org.testng.TestRunner.privateRun(TestRunner.java:766)
at org.testng.TestRunner.run(TestRunner.java:587)
at org.testng.SuiteRunner.runTest(SuiteRunner.java:384)
at org.testng.SuiteRunner.runSequentially(SuiteRunner.java:378)
at org.testng.SuiteRunner.privateRun(SuiteRunner.java:337)
at org.testng.SuiteRunner.run(SuiteRunner.java:286)
at org.testng.SuiteRunnerWorker.runSuite(SuiteRunnerWorker.java:53)
at org.testng.SuiteRunnerWorker.run(SuiteRunnerWorker.java:96)
at org.testng.TestNG.runSuitesSequentially(TestNG.java:1187)
at org.testng.TestNG.runSuitesLocally(TestNG.java:1109)
at org.testng.TestNG.runSuites(TestNG.java:1039)
at org.testng.TestNG.run(TestNG.java:1007)
at org.apache.maven.surefire.testng.TestNGExecutor.run(TestNGExecutor.java:284)
at org.apache.maven.surefire.testng.TestNGXmlTestSuite.execute(TestNGXmlTestSuite.java:75)
at org.apache.maven.surefire.testng.TestNGProvider.invoke(TestNGProvider.java:119)
at org.apache.maven.surefire.booter.ForkedBooter.runSuitesInProcess(ForkedBooter.java:428)
at org.apache.maven.surefire.booter.ForkedBooter.execute(ForkedBooter.java:162)
at org.apache.maven.surefire.booter.ForkedBooter.run(ForkedBooter.java:562)
at org.apache.maven.surefire.booter.ForkedBooter.main(ForkedBooter.java:548)
]]>
            </full-stacktrace>
          </exception> <!-- java.lang.AssertionError -->
          <reporter-output>
          </reporter-output>
        </test-method> <!-- testCareerpageDropDownmilitary -->
        <test-method is-config="true" signature="afterEachTestMethod(org.testng.ITestResult)[pri:0, instance:TestCareerPage.CareerPageTest@41fecb8b]" started-at="2020-11-23T05:37:19 CST" name="afterEachTestMethod" finished-at="2020-11-23T05:37:21 CST" duration-ms="2476" status="PASS">
          <params>
            <param index="0">
              <value>
                <![CDATA[[TestResult name=testCareerpageDropDownmilitary status=FAILURE method=CareerPageTest.testCareerpageDropDownmilitary()[pri:0, instance:TestCareerPage.CareerPageTest@41fecb8b] output={null}]]]>
              </value>
            </param>
          </params>
          <reporter-output>
          </reporter-output>
        </test-method> <!-- afterEachTestMethod -->
        <test-method is-config="true" signature="cleanUp()[pri:0, instance:TestCareerPage.CareerPageTest@41fecb8b]" started-at="2020-11-23T05:37:21 CST" name="cleanUp" finished-at="2020-11-23T05:37:21 CST" duration-ms="1" status="PASS">
          <reporter-output>
          </reporter-output>
        </test-method> <!-- cleanUp -->
        <test-method is-config="true" signature="setUp(boolean, java.lang.String, java.lang.String, java.lang.String, java.lang.String, java.lang.String, java.lang.String)[pri:0, instance:TestCareerPage.CareerPageTest@41fecb8b]" started-at="2020-11-23T05:37:21 CST" name="setUp" finished-at="2020-11-23T05:37:29 CST" duration-ms="8035" status="PASS">
          <params>
            <param index="0">
              <value>
                <![CDATA[false]]>
              </value>
            </param>
            <param index="1">
              <value>
                <![CDATA[browserStack]]>
              </value>
            </param>
            <param index="2">
              <value>
                <![CDATA[windows]]>
              </value>
            </param>
            <param index="3">
              <value>
                <![CDATA[10]]>
              </value>
            </param>
            <param index="4">
              <value>
                <![CDATA[chrome]]>
              </value>
            </param>
            <param index="5">
              <value>
                <![CDATA[86]]>
              </value>
            </param>
            <param index="6">
              <value>
                <![CDATA[https://www.walmart.com/]]>
              </value>
            </param>
          </params>
          <reporter-output>
          </reporter-output>
        </test-method> <!-- setUp -->
        <test-method is-config="true" signature="startExtent(java.lang.reflect.Method)[pri:0, instance:TestCareerPage.CareerPageTest@41fecb8b]" started-at="2020-11-23T05:37:29 CST" name="startExtent" finished-at="2020-11-23T05:37:29 CST" duration-ms="2" status="PASS">
          <params>
            <param index="0">
              <value>
                <![CDATA[public void TestCareerPage.CareerPageTest.testCareerpageSmartBenefits()]]>
              </value>
            </param>
          </params>
          <reporter-output>
          </reporter-output>
        </test-method> <!-- startExtent -->
        <test-method is-config="true" signature="getInit()[pri:0, instance:TestCareerPage.CareerPageTest@41fecb8b]" started-at="2020-11-23T05:37:29 CST" name="getInit" finished-at="2020-11-23T05:37:29 CST" duration-ms="4" status="PASS">
          <reporter-output>
          </reporter-output>
        </test-method> <!-- getInit -->
        <test-method signature="testCareerpageSmartBenefits()[pri:0, instance:TestCareerPage.CareerPageTest@41fecb8b]" started-at="2020-11-23T05:37:29 CST" name="testCareerpageSmartBenefits" finished-at="2020-11-23T05:37:38 CST" duration-ms="8887" status="PASS">
          <reporter-output>
          </reporter-output>
        </test-method> <!-- testCareerpageSmartBenefits -->
        <test-method is-config="true" signature="afterEachTestMethod(org.testng.ITestResult)[pri:0, instance:TestCareerPage.CareerPageTest@41fecb8b]" started-at="2020-11-23T05:37:38 CST" name="afterEachTestMethod" finished-at="2020-11-23T05:37:39 CST" duration-ms="973" status="PASS">
          <params>
            <param index="0">
              <value>
                <![CDATA[[TestResult name=testCareerpageSmartBenefits status=SUCCESS method=CareerPageTest.testCareerpageSmartBenefits()[pri:0, instance:TestCareerPage.CareerPageTest@41fecb8b] output={null}]]]>
              </value>
            </param>
          </params>
          <reporter-output>
          </reporter-output>
        </test-method> <!-- afterEachTestMethod -->
        <test-method is-config="true" signature="cleanUp()[pri:0, instance:TestCareerPage.CareerPageTest@41fecb8b]" started-at="2020-11-23T05:37:39 CST" name="cleanUp" finished-at="2020-11-23T05:37:39 CST" duration-ms="0" status="PASS">
          <reporter-output>
          </reporter-output>
        </test-method> <!-- cleanUp -->
        <test-method is-config="true" signature="generateReport()[pri:0, instance:TestCareerPage.CareerPageTest@41fecb8b]" started-at="2020-11-23T05:37:39 CST" name="generateReport" finished-at="2020-11-23T05:37:39 CST" duration-ms="39" status="PASS">
          <reporter-output>
          </reporter-output>
        </test-method> <!-- generateReport -->
      </class> <!-- TestCareerPage.CareerPageTest -->
    </test> <!-- Walmart Automation -->
  </suite> <!-- TestSuit -->
</testng-results>
