<?xml version="1.0" encoding="UTF-8"?>
<testng-results ignored="15" total="16" passed="1" failed="0" skipped="0">
  <reporter-output>
    <line>
      <![CDATA[Extent Report DirectoryC:\Users\DELL\IdeaProjects\WebAutomation_Team2\Walmart\target\surefire-reports\html]]>
    </line>
  </reporter-output>
  <suite started-at="2020-11-11T16:51:28 EST" name="TestSuit" finished-at="2020-11-11T16:51:47 EST" duration-ms="19288">
    <groups>
    </groups>
    <test started-at="2020-11-11T16:51:28 EST" name="Walmart Automation" finished-at="2020-11-11T16:51:47 EST" duration-ms="19288">
      <class name="testHome.HomePageTest">
        <test-method is-config="true" signature="extentSetup(org.testng.ITestContext)[pri:0, instance:testHome.HomePageTest@163e4e87]" started-at="2020-11-11T16:51:28 EST" name="extentSetup" finished-at="2020-11-11T16:51:28 EST" duration-ms="219" status="PASS">
          <params>
            <param index="0">
              <value>
                <![CDATA[org.testng.TestRunner@2160e52a]]>
              </value>
            </param>
          </params>
          <reporter-output>
            <line>
              <![CDATA[Extent Report DirectoryC:\Users\DELL\IdeaProjects\WebAutomation_Team2\Walmart\target\surefire-reports\html]]>
            </line>
          </reporter-output>
        </test-method> <!-- extentSetup -->
        <test-method is-config="true" signature="setUp(boolean, java.lang.String, java.lang.String, java.lang.String, java.lang.String, java.lang.String, java.lang.String)[pri:0, instance:testHome.HomePageTest@163e4e87]" started-at="2020-11-11T16:51:28 EST" name="setUp" finished-at="2020-11-11T16:51:37 EST" duration-ms="8657" status="PASS">
          <params>
            <param index="0">
              <value>
                <![CDATA[false]]>
              </value>
            </param>
            <param index="1">
              <value>
                <![CDATA[browserStack]]>
              </value>
            </param>
            <param index="2">
              <value>
                <![CDATA[windows]]>
              </value>
            </param>
            <param index="3">
              <value>
                <![CDATA[10]]>
              </value>
            </param>
            <param index="4">
              <value>
                <![CDATA[Chrome]]>
              </value>
            </param>
            <param index="5">
              <value>
                <![CDATA[86]]>
              </value>
            </param>
            <param index="6">
              <value>
                <![CDATA[https://www.walmart.com/]]>
              </value>
            </param>
          </params>
          <reporter-output>
          </reporter-output>
        </test-method> <!-- setUp -->
        <test-method is-config="true" signature="startExtent(java.lang.reflect.Method)[pri:0, instance:testHome.HomePageTest@163e4e87]" started-at="2020-11-11T16:51:37 EST" name="startExtent" finished-at="2020-11-11T16:51:37 EST" duration-ms="4" status="PASS">
          <params>
            <param index="0">
              <value>
                <![CDATA[public void testHome.HomePageTest.CheckSearchBar() throws java.lang.InterruptedException]]>
              </value>
            </param>
          </params>
          <reporter-output>
          </reporter-output>
        </test-method> <!-- startExtent -->
        <test-method is-config="true" signature="getInit()[pri:0, instance:testHome.HomePageTest@163e4e87]" started-at="2020-11-11T16:51:37 EST" name="getInit" finished-at="2020-11-11T16:51:37 EST" duration-ms="25" status="PASS">
          <reporter-output>
          </reporter-output>
        </test-method> <!-- getInit -->
        <test-method signature="CheckSearchBar()[pri:0, instance:testHome.HomePageTest@163e4e87]" started-at="2020-11-11T16:51:37 EST" name="CheckSearchBar" finished-at="2020-11-11T16:51:46 EST" duration-ms="9310" status="PASS">
          <reporter-output>
          </reporter-output>
        </test-method> <!-- CheckSearchBar -->
        <test-method is-config="true" signature="afterEachTestMethod(org.testng.ITestResult)[pri:0, instance:testHome.HomePageTest@163e4e87]" started-at="2020-11-11T16:51:46 EST" name="afterEachTestMethod" finished-at="2020-11-11T16:51:47 EST" duration-ms="1256" status="PASS">
          <params>
            <param index="0">
              <value>
                <![CDATA[[TestResult name=CheckSearchBar status=SUCCESS method=HomePageTest.CheckSearchBar()[pri:0, instance:testHome.HomePageTest@163e4e87] output={null}]]]>
              </value>
            </param>
          </params>
          <reporter-output>
          </reporter-output>
        </test-method> <!-- afterEachTestMethod -->
        <test-method is-config="true" signature="cleanUp()[pri:0, instance:testHome.HomePageTest@163e4e87]" started-at="2020-11-11T16:51:47 EST" name="cleanUp" finished-at="2020-11-11T16:51:47 EST" duration-ms="0" status="PASS">
          <reporter-output>
          </reporter-output>
        </test-method> <!-- cleanUp -->
        <test-method is-config="true" signature="generateReport()[pri:0, instance:testHome.HomePageTest@163e4e87]" started-at="2020-11-11T16:51:47 EST" name="generateReport" finished-at="2020-11-11T16:51:47 EST" duration-ms="78" status="PASS">
          <reporter-output>
          </reporter-output>
        </test-method> <!-- generateReport -->
      </class> <!-- testHome.HomePageTest -->
    </test> <!-- Walmart Automation -->
  </suite> <!-- TestSuit -->
</testng-results>
