<?xml version="1.0" encoding="UTF-8"?>
<testng-results ignored="10" total="10" passed="0" failed="0" skipped="0">
  <reporter-output>
    <line>
      <![CDATA[Extent Report DirectoryC:\Users\aldri\IdeaProjects\WebAutomation_Team2\Walmart\target\surefire-reports\html]]>
    </line>
  </reporter-output>
  <suite started-at="2020-11-11T04:49:37 EST" name="TestSuit" finished-at="2020-11-11T04:49:37 EST" duration-ms="0">
    <groups>
    </groups>
    <test started-at="2020-11-11T04:49:37 EST" name="Walmart" finished-at="2020-11-11T04:49:37 EST" duration-ms="0">
      <class name="testLocalStorePage.localStorePageTest">
        <test-method is-config="true" signature="extentSetup(org.testng.ITestContext)[pri:0, instance:testLocalStorePage.localStorePageTest@69e1dd28]" started-at="2020-11-11T04:49:37 EST" name="extentSetup" finished-at="2020-11-11T04:49:37 EST" duration-ms="297" status="PASS">
          <params>
            <param index="0">
              <value>
                <![CDATA[org.testng.TestRunner@2101b44a]]>
              </value>
            </param>
          </params>
          <reporter-output>
            <line>
              <![CDATA[Extent Report DirectoryC:\Users\aldri\IdeaProjects\WebAutomation_Team2\Walmart\target\surefire-reports\html]]>
            </line>
          </reporter-output>
        </test-method> <!-- extentSetup -->
        <test-method is-config="true" signature="generateReport()[pri:0, instance:testLocalStorePage.localStorePageTest@69e1dd28]" started-at="2020-11-11T04:49:37 EST" name="generateReport" finished-at="2020-11-11T04:49:37 EST" duration-ms="413" status="PASS">
          <reporter-output>
          </reporter-output>
        </test-method> <!-- generateReport -->
      </class> <!-- testLocalStorePage.localStorePageTest -->
    </test> <!-- Walmart -->
  </suite> <!-- TestSuit -->
</testng-results>
