<?xml version="1.0" encoding="UTF-8"?>
<testng-results ignored="19" total="20" passed="1" failed="0" skipped="0">
  <reporter-output>
    <line>
      <![CDATA[Extent Report DirectoryC:\Users\Admin\IdeaProjects\WebAutomation_Team2\Walmart\target\surefire-reports\html]]>
    </line>
  </reporter-output>
  <suite started-at="2020-11-14T21:00:21 CST" name="TestSuit" finished-at="2020-11-14T21:00:59 CST" duration-ms="38763">
    <groups>
    </groups>
    <test started-at="2020-11-14T21:00:21 CST" name="Walmart automation" finished-at="2020-11-14T21:00:59 CST" duration-ms="38763">
      <class name="testHome.HomePageTest">
        <test-method is-config="true" signature="extentSetup(org.testng.ITestContext)[pri:0, instance:testHome.HomePageTest@2bbf180e]" started-at="2020-11-14T21:00:20 CST" name="extentSetup" finished-at="2020-11-14T21:00:21 CST" duration-ms="177" status="PASS">
          <params>
            <param index="0">
              <value>
                <![CDATA[org.testng.TestRunner@25b865b5]]>
              </value>
            </param>
          </params>
          <reporter-output>
            <line>
              <![CDATA[Extent Report DirectoryC:\Users\Admin\IdeaProjects\WebAutomation_Team2\Walmart\target\surefire-reports\html]]>
            </line>
          </reporter-output>
        </test-method> <!-- extentSetup -->
        <test-method is-config="true" signature="setUp(boolean, java.lang.String, java.lang.String, java.lang.String, java.lang.String, java.lang.String, java.lang.String)[pri:0, instance:testHome.HomePageTest@2bbf180e]" started-at="2020-11-14T21:00:21 CST" name="setUp" finished-at="2020-11-14T21:00:28 CST" duration-ms="7927" status="PASS">
          <params>
            <param index="0">
              <value>
                <![CDATA[false]]>
              </value>
            </param>
            <param index="1">
              <value>
                <![CDATA[browserStack]]>
              </value>
            </param>
            <param index="2">
              <value>
                <![CDATA[windows]]>
              </value>
            </param>
            <param index="3">
              <value>
                <![CDATA[10]]>
              </value>
            </param>
            <param index="4">
              <value>
                <![CDATA[chrome]]>
              </value>
            </param>
            <param index="5">
              <value>
                <![CDATA[86]]>
              </value>
            </param>
            <param index="6">
              <value>
                <![CDATA[https://www.walmart.com/]]>
              </value>
            </param>
          </params>
          <reporter-output>
          </reporter-output>
        </test-method> <!-- setUp -->
        <test-method is-config="true" signature="startExtent(java.lang.reflect.Method)[pri:0, instance:testHome.HomePageTest@2bbf180e]" started-at="2020-11-14T21:00:28 CST" name="startExtent" finished-at="2020-11-14T21:00:28 CST" duration-ms="4" status="PASS">
          <params>
            <param index="0">
              <value>
                <![CDATA[public void testHome.HomePageTest.testCreateAccount() throws java.lang.InterruptedException]]>
              </value>
            </param>
          </params>
          <reporter-output>
          </reporter-output>
        </test-method> <!-- startExtent -->
        <test-method is-config="true" signature="getInit()[pri:0, instance:testHome.HomePageTest@2bbf180e]" started-at="2020-11-14T21:00:28 CST" name="getInit" finished-at="2020-11-14T21:00:28 CST" duration-ms="23" status="PASS">
          <reporter-output>
          </reporter-output>
        </test-method> <!-- getInit -->
        <test-method signature="testCreateAccount()[pri:0, instance:testHome.HomePageTest@2bbf180e]" started-at="2020-11-14T21:00:28 CST" name="testCreateAccount" finished-at="2020-11-14T21:00:58 CST" duration-ms="29898" status="PASS">
          <reporter-output>
          </reporter-output>
        </test-method> <!-- testCreateAccount -->
        <test-method is-config="true" signature="afterEachTestMethod(org.testng.ITestResult)[pri:0, instance:testHome.HomePageTest@2bbf180e]" started-at="2020-11-14T21:00:58 CST" name="afterEachTestMethod" finished-at="2020-11-14T21:00:59 CST" duration-ms="889" status="PASS">
          <params>
            <param index="0">
              <value>
                <![CDATA[[TestResult name=testCreateAccount status=SUCCESS method=HomePageTest.testCreateAccount()[pri:0, instance:testHome.HomePageTest@2bbf180e] output={null}]]]>
              </value>
            </param>
          </params>
          <reporter-output>
          </reporter-output>
        </test-method> <!-- afterEachTestMethod -->
        <test-method is-config="true" signature="cleanUp()[pri:0, instance:testHome.HomePageTest@2bbf180e]" started-at="2020-11-14T21:00:59 CST" name="cleanUp" finished-at="2020-11-14T21:00:59 CST" duration-ms="1" status="PASS">
          <reporter-output>
          </reporter-output>
        </test-method> <!-- cleanUp -->
        <test-method is-config="true" signature="generateReport()[pri:0, instance:testHome.HomePageTest@2bbf180e]" started-at="2020-11-14T21:00:59 CST" name="generateReport" finished-at="2020-11-14T21:00:59 CST" duration-ms="47" status="PASS">
          <reporter-output>
          </reporter-output>
        </test-method> <!-- generateReport -->
      </class> <!-- testHome.HomePageTest -->
    </test> <!-- Walmart automation -->
  </suite> <!-- TestSuit -->
</testng-results>
