<?xml version="1.0" encoding="UTF-8"?>
<testng-results ignored="19" total="20" passed="1" failed="0" skipped="0">
  <reporter-output>
    <line>
      <![CDATA[Extent Report DirectoryC:\Users\Owner\IdeaProjects\WebAutomation_Team2\CNN\target\surefire-reports\html]]>
    </line>
  </reporter-output>
  <suite started-at="2020-11-13T13:00:13 EST" name="TestSuit" finished-at="2020-11-13T13:00:35 EST" duration-ms="21270">
    <groups>
    </groups>
    <test started-at="2020-11-13T13:00:13 EST" name="CNN Automation" finished-at="2020-11-13T13:00:35 EST" duration-ms="21270">
      <class name="testUspage.UsPageTest">
        <test-method is-config="true" signature="extentSetup(org.testng.ITestContext)[pri:0, instance:testUspage.UsPageTest@41e1e210]" started-at="2020-11-13T13:00:13 EST" name="extentSetup" finished-at="2020-11-13T13:00:13 EST" duration-ms="224" status="PASS">
          <params>
            <param index="0">
              <value>
                <![CDATA[org.testng.TestRunner@3db64bd4]]>
              </value>
            </param>
          </params>
          <reporter-output>
            <line>
              <![CDATA[Extent Report DirectoryC:\Users\Owner\IdeaProjects\WebAutomation_Team2\CNN\target\surefire-reports\html]]>
            </line>
          </reporter-output>
        </test-method> <!-- extentSetup -->
        <test-method is-config="true" signature="setUp(boolean, java.lang.String, java.lang.String, java.lang.String, java.lang.String, java.lang.String, java.lang.String)[pri:0, instance:testUspage.UsPageTest@41e1e210]" started-at="2020-11-13T13:00:13 EST" name="setUp" finished-at="2020-11-13T13:00:24 EST" duration-ms="10643" status="PASS">
          <params>
            <param index="0">
              <value>
                <![CDATA[false]]>
              </value>
            </param>
            <param index="1">
              <value>
                <![CDATA[browserStack]]>
              </value>
            </param>
            <param index="2">
              <value>
                <![CDATA[windows]]>
              </value>
            </param>
            <param index="3">
              <value>
                <![CDATA[10]]>
              </value>
            </param>
            <param index="4">
              <value>
                <![CDATA[chrome]]>
              </value>
            </param>
            <param index="5">
              <value>
                <![CDATA[86]]>
              </value>
            </param>
            <param index="6">
              <value>
                <![CDATA[https://www.cnn.com/]]>
              </value>
            </param>
          </params>
          <reporter-output>
          </reporter-output>
        </test-method> <!-- setUp -->
        <test-method is-config="true" signature="startExtent(java.lang.reflect.Method)[pri:0, instance:testUspage.UsPageTest@41e1e210]" started-at="2020-11-13T13:00:24 EST" name="startExtent" finished-at="2020-11-13T13:00:24 EST" duration-ms="6" status="PASS">
          <params>
            <param index="0">
              <value>
                <![CDATA[public void testUspage.UsPageTest.addChoices() throws java.lang.InterruptedException]]>
              </value>
            </param>
          </params>
          <reporter-output>
          </reporter-output>
        </test-method> <!-- startExtent -->
        <test-method is-config="true" signature="getInit()[pri:0, instance:testUspage.UsPageTest@41e1e210]" started-at="2020-11-13T13:00:24 EST" name="getInit" finished-at="2020-11-13T13:00:24 EST" duration-ms="46" status="PASS">
          <reporter-output>
          </reporter-output>
        </test-method> <!-- getInit -->
        <test-method signature="addChoices()[pri:0, instance:testUspage.UsPageTest@41e1e210]" started-at="2020-11-13T13:00:24 EST" name="addChoices" finished-at="2020-11-13T13:00:33 EST" duration-ms="8552" status="PASS">
          <reporter-output>
          </reporter-output>
        </test-method> <!-- addChoices -->
        <test-method is-config="true" signature="afterEachTestMethod(org.testng.ITestResult)[pri:0, instance:testUspage.UsPageTest@41e1e210]" started-at="2020-11-13T13:00:33 EST" name="afterEachTestMethod" finished-at="2020-11-13T13:00:35 EST" duration-ms="2004" status="PASS">
          <params>
            <param index="0">
              <value>
                <![CDATA[[TestResult name=addChoices status=SUCCESS method=UsPageTest.addChoices()[pri:0, instance:testUspage.UsPageTest@41e1e210] output={null}]]]>
              </value>
            </param>
          </params>
          <reporter-output>
          </reporter-output>
        </test-method> <!-- afterEachTestMethod -->
        <test-method is-config="true" signature="cleanUp()[pri:0, instance:testUspage.UsPageTest@41e1e210]" started-at="2020-11-13T13:00:35 EST" name="cleanUp" finished-at="2020-11-13T13:00:35 EST" duration-ms="0" status="PASS">
          <reporter-output>
          </reporter-output>
        </test-method> <!-- cleanUp -->
        <test-method is-config="true" signature="generateReport()[pri:0, instance:testUspage.UsPageTest@41e1e210]" started-at="2020-11-13T13:00:35 EST" name="generateReport" finished-at="2020-11-13T13:00:35 EST" duration-ms="72" status="PASS">
          <reporter-output>
          </reporter-output>
        </test-method> <!-- generateReport -->
      </class> <!-- testUspage.UsPageTest -->
    </test> <!-- CNN Automation -->
  </suite> <!-- TestSuit -->
</testng-results>
