<?xml version="1.0" encoding="UTF-8"?>
<testng-results ignored="0" total="0" passed="0" failed="0" skipped="0">
  <reporter-output>
  </reporter-output>
  <suite started-at="2020-11-13T01:35:41 EST" name="TestSuit" finished-at="2020-11-13T01:35:41 EST" duration-ms="31">
    <groups>
    </groups>
    <test started-at="2020-11-13T01:35:41 EST" name="###########" finished-at="2020-11-13T01:35:41 EST" duration-ms="31">
    </test> <!-- ########### -->
  </suite> <!-- TestSuit -->
</testng-results>
