<?xml version="1.0" encoding="UTF-8"?>
<testng-results ignored="0" total="16" passed="8" failed="8" skipped="0">
  <reporter-output>
    <line>
      <![CDATA[Extent Report DirectoryC:\Users\alaed\IdeaProjects\WebAutomation_Team2\BankOfAmerica\target\surefire-reports\html]]>
    </line>
  </reporter-output>
  <suite started-at="2020-12-01T09:09:19 EST" name="TestSuit" finished-at="2020-12-01T09:16:54 EST" duration-ms="455394">
    <groups>
    </groups>
    <test started-at="2020-12-01T09:09:19 EST" name="Bank Of America Location Test" finished-at="2020-12-01T09:16:54 EST" duration-ms="455394">
      <class name="bancofamericamuseumTest.BOATest">
        <test-method is-config="true" signature="extentSetup(org.testng.ITestContext)[pri:0, instance:bancofamericamuseumTest.BOATest@53976f5c]" started-at="2020-12-01T09:09:19 EST" name="extentSetup" finished-at="2020-12-01T09:09:19 EST" duration-ms="149" status="PASS">
          <params>
            <param index="0">
              <value>
                <![CDATA[org.testng.TestRunner@226de93c]]>
              </value>
            </param>
          </params>
          <reporter-output>
            <line>
              <![CDATA[Extent Report DirectoryC:\Users\alaed\IdeaProjects\WebAutomation_Team2\BankOfAmerica\target\surefire-reports\html]]>
            </line>
          </reporter-output>
        </test-method> <!-- extentSetup -->
        <test-method is-config="true" signature="setUp(boolean, java.lang.String, java.lang.String, java.lang.String, java.lang.String, java.lang.String, java.lang.String)[pri:0, instance:bancofamericamuseumTest.BOATest@53976f5c]" started-at="2020-12-01T09:09:19 EST" name="setUp" finished-at="2020-12-01T09:09:33 EST" duration-ms="14199" status="PASS">
          <params>
            <param index="0">
              <value>
                <![CDATA[false]]>
              </value>
            </param>
            <param index="1">
              <value>
                <![CDATA[browserStack]]>
              </value>
            </param>
            <param index="2">
              <value>
                <![CDATA[windows]]>
              </value>
            </param>
            <param index="3">
              <value>
                <![CDATA[10]]>
              </value>
            </param>
            <param index="4">
              <value>
                <![CDATA[chrome]]>
              </value>
            </param>
            <param index="5">
              <value>
                <![CDATA[86]]>
              </value>
            </param>
            <param index="6">
              <value>
                <![CDATA[https://www.bankofamerica.com/]]>
              </value>
            </param>
          </params>
          <reporter-output>
          </reporter-output>
        </test-method> <!-- setUp -->
        <test-method is-config="true" signature="startExtent(java.lang.reflect.Method)[pri:0, instance:bancofamericamuseumTest.BOATest@53976f5c]" started-at="2020-12-01T09:09:33 EST" name="startExtent" finished-at="2020-12-01T09:09:33 EST" duration-ms="3" status="PASS">
          <params>
            <param index="0">
              <value>
                <![CDATA[public void bancofamericamuseumTest.BOATest.BOAHomePage()]]>
              </value>
            </param>
          </params>
          <reporter-output>
          </reporter-output>
        </test-method> <!-- startExtent -->
        <test-method is-config="true" signature="getInit()[pri:0, instance:bancofamericamuseumTest.BOATest@53976f5c]" started-at="2020-12-01T09:09:33 EST" name="getInit" finished-at="2020-12-01T09:09:33 EST" duration-ms="20" status="PASS">
          <reporter-output>
          </reporter-output>
        </test-method> <!-- getInit -->
        <test-method signature="BOAHomePage()[pri:0, instance:bancofamericamuseumTest.BOATest@53976f5c]" started-at="2020-12-01T09:09:33 EST" name="BOAHomePage" finished-at="2020-12-01T09:09:33 EST" duration-ms="41" status="PASS">
          <reporter-output>
          </reporter-output>
        </test-method> <!-- BOAHomePage -->
        <test-method is-config="true" signature="afterEachTestMethod(org.testng.ITestResult)[pri:0, instance:bancofamericamuseumTest.BOATest@53976f5c]" started-at="2020-12-01T09:09:33 EST" name="afterEachTestMethod" finished-at="2020-12-01T09:09:34 EST" duration-ms="850" status="PASS">
          <params>
            <param index="0">
              <value>
                <![CDATA[[TestResult name=BOAHomePage status=SUCCESS method=BOATest.BOAHomePage()[pri:0, instance:bancofamericamuseumTest.BOATest@53976f5c] output={null}]]]>
              </value>
            </param>
          </params>
          <reporter-output>
          </reporter-output>
        </test-method> <!-- afterEachTestMethod -->
        <test-method is-config="true" signature="setUp(boolean, java.lang.String, java.lang.String, java.lang.String, java.lang.String, java.lang.String, java.lang.String)[pri:0, instance:bancofamericamuseumTest.BOATest@53976f5c]" started-at="2020-12-01T09:09:34 EST" name="setUp" finished-at="2020-12-01T09:09:41 EST" duration-ms="6715" status="PASS">
          <params>
            <param index="0">
              <value>
                <![CDATA[false]]>
              </value>
            </param>
            <param index="1">
              <value>
                <![CDATA[browserStack]]>
              </value>
            </param>
            <param index="2">
              <value>
                <![CDATA[windows]]>
              </value>
            </param>
            <param index="3">
              <value>
                <![CDATA[10]]>
              </value>
            </param>
            <param index="4">
              <value>
                <![CDATA[chrome]]>
              </value>
            </param>
            <param index="5">
              <value>
                <![CDATA[86]]>
              </value>
            </param>
            <param index="6">
              <value>
                <![CDATA[https://www.bankofamerica.com/]]>
              </value>
            </param>
          </params>
          <reporter-output>
          </reporter-output>
        </test-method> <!-- setUp -->
        <test-method is-config="true" signature="startExtent(java.lang.reflect.Method)[pri:0, instance:bancofamericamuseumTest.BOATest@53976f5c]" started-at="2020-12-01T09:09:41 EST" name="startExtent" finished-at="2020-12-01T09:09:41 EST" duration-ms="0" status="PASS">
          <params>
            <param index="0">
              <value>
                <![CDATA[public void bancofamericamuseumTest.BOATest.LocationByFilters() throws java.lang.InterruptedException]]>
              </value>
            </param>
          </params>
          <reporter-output>
          </reporter-output>
        </test-method> <!-- startExtent -->
        <test-method is-config="true" signature="getInit()[pri:0, instance:bancofamericamuseumTest.BOATest@53976f5c]" started-at="2020-12-01T09:09:41 EST" name="getInit" finished-at="2020-12-01T09:09:41 EST" duration-ms="1" status="PASS">
          <reporter-output>
          </reporter-output>
        </test-method> <!-- getInit -->
        <test-method signature="LocationByFilters()[pri:0, instance:bancofamericamuseumTest.BOATest@53976f5c]" started-at="2020-12-01T09:09:41 EST" name="LocationByFilters" finished-at="2020-12-01T09:09:42 EST" duration-ms="1070" status="FAIL">
          <exception class="org.openqa.selenium.ElementClickInterceptedException">
            <message>
              <![CDATA[element click intercepted: Element <a id="footer_bofa_locations" href="https://locators.bankofamerica.com/">...</a> is not clickable at point (110, 922). Other element would receive the click: <a id="AMT2HXAC" href="https://about.bankofamerica.com/promo/assistance/latest-updates-from-bank-of-america-coronavirus/?cm_sp=EBZ-BAC-Announcement-_-BACAnnouncement-_-AMT2HXAC01_Engagement_Banner_CV_Payments_ShowToAll_EB_cvStimulusHlCta" class="engagement-banner-link">...</a>
  (Session info: chrome=87.0.4280.66)
Build info: version: '3.141.59', revision: 'e82be7d358', time: '2018-11-14T08:17:03'
System info: host: 'LAPTOP-8DAJPHUM', ip: '192.168.0.4', os.name: 'Windows 10', os.arch: 'amd64', os.version: '10.0', java.version: '11.0.8'
Driver info: org.openqa.selenium.chrome.ChromeDriver
Capabilities {acceptInsecureCerts: false, browserName: chrome, browserVersion: 87.0.4280.66, chrome: {chromedriverVersion: 86.0.4240.22 (398b0743353ff..., userDataDir: C:\Users\alaed\AppData\Loca...}, goog:chromeOptions: {debuggerAddress: localhost:52917}, javascriptEnabled: true, networkConnectionEnabled: false, pageLoadStrategy: normal, platform: WINDOWS, platformName: WINDOWS, proxy: Proxy(), setWindowRect: true, strictFileInteractability: false, timeouts: {implicit: 0, pageLoad: 300000, script: 30000}, unhandledPromptBehavior: dismiss and notify, webauthn:virtualAuthenticators: true}
Session ID: 3b1156899b3b1314f4ae62beaf0303ec]]>
            </message>
            <full-stacktrace>
              <![CDATA[org.openqa.selenium.ElementClickInterceptedException: element click intercepted: Element <a id="footer_bofa_locations" href="https://locators.bankofamerica.com/">...</a> is not clickable at point (110, 922). Other element would receive the click: <a id="AMT2HXAC" href="https://about.bankofamerica.com/promo/assistance/latest-updates-from-bank-of-america-coronavirus/?cm_sp=EBZ-BAC-Announcement-_-BACAnnouncement-_-AMT2HXAC01_Engagement_Banner_CV_Payments_ShowToAll_EB_cvStimulusHlCta" class="engagement-banner-link">...</a>
  (Session info: chrome=87.0.4280.66)
Build info: version: '3.141.59', revision: 'e82be7d358', time: '2018-11-14T08:17:03'
System info: host: 'LAPTOP-8DAJPHUM', ip: '192.168.0.4', os.name: 'Windows 10', os.arch: 'amd64', os.version: '10.0', java.version: '11.0.8'
Driver info: org.openqa.selenium.chrome.ChromeDriver
Capabilities {acceptInsecureCerts: false, browserName: chrome, browserVersion: 87.0.4280.66, chrome: {chromedriverVersion: 86.0.4240.22 (398b0743353ff..., userDataDir: C:\Users\alaed\AppData\Loca...}, goog:chromeOptions: {debuggerAddress: localhost:52917}, javascriptEnabled: true, networkConnectionEnabled: false, pageLoadStrategy: normal, platform: WINDOWS, platformName: WINDOWS, proxy: Proxy(), setWindowRect: true, strictFileInteractability: false, timeouts: {implicit: 0, pageLoad: 300000, script: 30000}, unhandledPromptBehavior: dismiss and notify, webauthn:virtualAuthenticators: true}
Session ID: 3b1156899b3b1314f4ae62beaf0303ec
at java.base/jdk.internal.reflect.NativeConstructorAccessorImpl.newInstance0(Native Method)
at java.base/jdk.internal.reflect.NativeConstructorAccessorImpl.newInstance(NativeConstructorAccessorImpl.java:62)
at java.base/jdk.internal.reflect.DelegatingConstructorAccessorImpl.newInstance(DelegatingConstructorAccessorImpl.java:45)
at java.base/java.lang.reflect.Constructor.newInstance(Constructor.java:490)
at org.openqa.selenium.remote.http.W3CHttpResponseCodec.createException(W3CHttpResponseCodec.java:187)
at org.openqa.selenium.remote.http.W3CHttpResponseCodec.decode(W3CHttpResponseCodec.java:122)
at org.openqa.selenium.remote.http.W3CHttpResponseCodec.decode(W3CHttpResponseCodec.java:49)
at org.openqa.selenium.remote.HttpCommandExecutor.execute(HttpCommandExecutor.java:158)
at org.openqa.selenium.remote.service.DriverCommandExecutor.execute(DriverCommandExecutor.java:83)
at org.openqa.selenium.remote.RemoteWebDriver.execute(RemoteWebDriver.java:552)
at org.openqa.selenium.remote.RemoteWebElement.execute(RemoteWebElement.java:285)
at org.openqa.selenium.remote.RemoteWebElement.click(RemoteWebElement.java:84)
at java.base/jdk.internal.reflect.NativeMethodAccessorImpl.invoke0(Native Method)
at java.base/jdk.internal.reflect.NativeMethodAccessorImpl.invoke(NativeMethodAccessorImpl.java:62)
at java.base/jdk.internal.reflect.DelegatingMethodAccessorImpl.invoke(DelegatingMethodAccessorImpl.java:43)
at java.base/java.lang.reflect.Method.invoke(Method.java:566)
at org.openqa.selenium.support.pagefactory.internal.LocatingElementHandler.invoke(LocatingElementHandler.java:51)
at com.sun.proxy.$Proxy14.click(Unknown Source)
at bankofamericamuseum.BOAHmePage.searchLocationUsingFilters(BOAHmePage.java:123)
at bancofamericamuseumTest.BOATest.LocationByFilters(BOATest.java:57)
at java.base/jdk.internal.reflect.NativeMethodAccessorImpl.invoke0(Native Method)
at java.base/jdk.internal.reflect.NativeMethodAccessorImpl.invoke(NativeMethodAccessorImpl.java:62)
at java.base/jdk.internal.reflect.DelegatingMethodAccessorImpl.invoke(DelegatingMethodAccessorImpl.java:43)
at java.base/java.lang.reflect.Method.invoke(Method.java:566)
at org.testng.internal.MethodInvocationHelper.invokeMethod(MethodInvocationHelper.java:134)
at org.testng.internal.TestInvoker.invokeMethod(TestInvoker.java:597)
at org.testng.internal.TestInvoker.invokeTestMethod(TestInvoker.java:173)
at org.testng.internal.MethodRunner.runInSequence(MethodRunner.java:46)
at org.testng.internal.TestInvoker$MethodInvocationAgent.invoke(TestInvoker.java:816)
at org.testng.internal.TestInvoker.invokeTestMethods(TestInvoker.java:146)
at org.testng.internal.TestMethodWorker.invokeTestMethods(TestMethodWorker.java:146)
at org.testng.internal.TestMethodWorker.run(TestMethodWorker.java:128)
at java.base/java.util.ArrayList.forEach(ArrayList.java:1541)
at org.testng.TestRunner.privateRun(TestRunner.java:766)
at org.testng.TestRunner.run(TestRunner.java:587)
at org.testng.SuiteRunner.runTest(SuiteRunner.java:384)
at org.testng.SuiteRunner.runSequentially(SuiteRunner.java:378)
at org.testng.SuiteRunner.privateRun(SuiteRunner.java:337)
at org.testng.SuiteRunner.run(SuiteRunner.java:286)
at org.testng.SuiteRunnerWorker.runSuite(SuiteRunnerWorker.java:53)
at org.testng.SuiteRunnerWorker.run(SuiteRunnerWorker.java:96)
at org.testng.TestNG.runSuitesSequentially(TestNG.java:1187)
at org.testng.TestNG.runSuitesLocally(TestNG.java:1109)
at org.testng.TestNG.runSuites(TestNG.java:1039)
at org.testng.TestNG.run(TestNG.java:1007)
at org.apache.maven.surefire.testng.TestNGExecutor.run(TestNGExecutor.java:284)
at org.apache.maven.surefire.testng.TestNGXmlTestSuite.execute(TestNGXmlTestSuite.java:75)
at org.apache.maven.surefire.testng.TestNGProvider.invoke(TestNGProvider.java:119)
at org.apache.maven.surefire.booter.ForkedBooter.runSuitesInProcess(ForkedBooter.java:428)
at org.apache.maven.surefire.booter.ForkedBooter.execute(ForkedBooter.java:162)
at org.apache.maven.surefire.booter.ForkedBooter.run(ForkedBooter.java:562)
at org.apache.maven.surefire.booter.ForkedBooter.main(ForkedBooter.java:548)
]]>
            </full-stacktrace>
          </exception> <!-- org.openqa.selenium.ElementClickInterceptedException -->
          <reporter-output>
          </reporter-output>
        </test-method> <!-- LocationByFilters -->
        <test-method is-config="true" signature="afterEachTestMethod(org.testng.ITestResult)[pri:0, instance:bancofamericamuseumTest.BOATest@53976f5c]" started-at="2020-12-01T09:09:42 EST" name="afterEachTestMethod" finished-at="2020-12-01T09:09:43 EST" duration-ms="1135" status="PASS">
          <params>
            <param index="0">
              <value>
                <![CDATA[[TestResult name=LocationByFilters status=FAILURE method=BOATest.LocationByFilters()[pri:0, instance:bancofamericamuseumTest.BOATest@53976f5c] output={null}]]]>
              </value>
            </param>
          </params>
          <reporter-output>
          </reporter-output>
        </test-method> <!-- afterEachTestMethod -->
        <test-method is-config="true" signature="setUp(boolean, java.lang.String, java.lang.String, java.lang.String, java.lang.String, java.lang.String, java.lang.String)[pri:0, instance:bancofamericamuseumTest.BOATest@53976f5c]" started-at="2020-12-01T09:09:43 EST" name="setUp" finished-at="2020-12-01T09:09:49 EST" duration-ms="6162" status="PASS">
          <params>
            <param index="0">
              <value>
                <![CDATA[false]]>
              </value>
            </param>
            <param index="1">
              <value>
                <![CDATA[browserStack]]>
              </value>
            </param>
            <param index="2">
              <value>
                <![CDATA[windows]]>
              </value>
            </param>
            <param index="3">
              <value>
                <![CDATA[10]]>
              </value>
            </param>
            <param index="4">
              <value>
                <![CDATA[chrome]]>
              </value>
            </param>
            <param index="5">
              <value>
                <![CDATA[86]]>
              </value>
            </param>
            <param index="6">
              <value>
                <![CDATA[https://www.bankofamerica.com/]]>
              </value>
            </param>
          </params>
          <reporter-output>
          </reporter-output>
        </test-method> <!-- setUp -->
        <test-method is-config="true" signature="startExtent(java.lang.reflect.Method)[pri:0, instance:bancofamericamuseumTest.BOATest@53976f5c]" started-at="2020-12-01T09:09:49 EST" name="startExtent" finished-at="2020-12-01T09:09:49 EST" duration-ms="1" status="PASS">
          <params>
            <param index="0">
              <value>
                <![CDATA[public void bancofamericamuseumTest.BOATest.LocationPage()]]>
              </value>
            </param>
          </params>
          <reporter-output>
          </reporter-output>
        </test-method> <!-- startExtent -->
        <test-method is-config="true" signature="getInit()[pri:0, instance:bancofamericamuseumTest.BOATest@53976f5c]" started-at="2020-12-01T09:09:49 EST" name="getInit" finished-at="2020-12-01T09:09:49 EST" duration-ms="0" status="PASS">
          <reporter-output>
          </reporter-output>
        </test-method> <!-- getInit -->
        <test-method signature="LocationPage()[pri:0, instance:bancofamericamuseumTest.BOATest@53976f5c]" started-at="2020-12-01T09:09:49 EST" name="LocationPage" finished-at="2020-12-01T09:09:50 EST" duration-ms="1085" status="FAIL">
          <exception class="org.openqa.selenium.ElementClickInterceptedException">
            <message>
              <![CDATA[element click intercepted: Element <a id="footer_bofa_locations" href="https://locators.bankofamerica.com/">...</a> is not clickable at point (110, 922). Other element would receive the click: <a id="AMT2HXAC" href="https://about.bankofamerica.com/promo/assistance/latest-updates-from-bank-of-america-coronavirus/?cm_sp=EBZ-BAC-Announcement-_-BACAnnouncement-_-AMT2HXAC01_Engagement_Banner_CV_Payments_ShowToAll_EB_cvStimulusHlCta" class="engagement-banner-link">...</a>
  (Session info: chrome=87.0.4280.66)
Build info: version: '3.141.59', revision: 'e82be7d358', time: '2018-11-14T08:17:03'
System info: host: 'LAPTOP-8DAJPHUM', ip: '192.168.0.4', os.name: 'Windows 10', os.arch: 'amd64', os.version: '10.0', java.version: '11.0.8'
Driver info: org.openqa.selenium.chrome.ChromeDriver
Capabilities {acceptInsecureCerts: false, browserName: chrome, browserVersion: 87.0.4280.66, chrome: {chromedriverVersion: 86.0.4240.22 (398b0743353ff..., userDataDir: C:\Users\alaed\AppData\Loca...}, goog:chromeOptions: {debuggerAddress: localhost:52964}, javascriptEnabled: true, networkConnectionEnabled: false, pageLoadStrategy: normal, platform: WINDOWS, platformName: WINDOWS, proxy: Proxy(), setWindowRect: true, strictFileInteractability: false, timeouts: {implicit: 0, pageLoad: 300000, script: 30000}, unhandledPromptBehavior: dismiss and notify, webauthn:virtualAuthenticators: true}
Session ID: 4c0ccf94f9a4ac493e503cc845432c2d]]>
            </message>
            <full-stacktrace>
              <![CDATA[org.openqa.selenium.ElementClickInterceptedException: element click intercepted: Element <a id="footer_bofa_locations" href="https://locators.bankofamerica.com/">...</a> is not clickable at point (110, 922). Other element would receive the click: <a id="AMT2HXAC" href="https://about.bankofamerica.com/promo/assistance/latest-updates-from-bank-of-america-coronavirus/?cm_sp=EBZ-BAC-Announcement-_-BACAnnouncement-_-AMT2HXAC01_Engagement_Banner_CV_Payments_ShowToAll_EB_cvStimulusHlCta" class="engagement-banner-link">...</a>
  (Session info: chrome=87.0.4280.66)
Build info: version: '3.141.59', revision: 'e82be7d358', time: '2018-11-14T08:17:03'
System info: host: 'LAPTOP-8DAJPHUM', ip: '192.168.0.4', os.name: 'Windows 10', os.arch: 'amd64', os.version: '10.0', java.version: '11.0.8'
Driver info: org.openqa.selenium.chrome.ChromeDriver
Capabilities {acceptInsecureCerts: false, browserName: chrome, browserVersion: 87.0.4280.66, chrome: {chromedriverVersion: 86.0.4240.22 (398b0743353ff..., userDataDir: C:\Users\alaed\AppData\Loca...}, goog:chromeOptions: {debuggerAddress: localhost:52964}, javascriptEnabled: true, networkConnectionEnabled: false, pageLoadStrategy: normal, platform: WINDOWS, platformName: WINDOWS, proxy: Proxy(), setWindowRect: true, strictFileInteractability: false, timeouts: {implicit: 0, pageLoad: 300000, script: 30000}, unhandledPromptBehavior: dismiss and notify, webauthn:virtualAuthenticators: true}
Session ID: 4c0ccf94f9a4ac493e503cc845432c2d
at java.base/jdk.internal.reflect.NativeConstructorAccessorImpl.newInstance0(Native Method)
at java.base/jdk.internal.reflect.NativeConstructorAccessorImpl.newInstance(NativeConstructorAccessorImpl.java:62)
at java.base/jdk.internal.reflect.DelegatingConstructorAccessorImpl.newInstance(DelegatingConstructorAccessorImpl.java:45)
at java.base/java.lang.reflect.Constructor.newInstance(Constructor.java:490)
at org.openqa.selenium.remote.http.W3CHttpResponseCodec.createException(W3CHttpResponseCodec.java:187)
at org.openqa.selenium.remote.http.W3CHttpResponseCodec.decode(W3CHttpResponseCodec.java:122)
at org.openqa.selenium.remote.http.W3CHttpResponseCodec.decode(W3CHttpResponseCodec.java:49)
at org.openqa.selenium.remote.HttpCommandExecutor.execute(HttpCommandExecutor.java:158)
at org.openqa.selenium.remote.service.DriverCommandExecutor.execute(DriverCommandExecutor.java:83)
at org.openqa.selenium.remote.RemoteWebDriver.execute(RemoteWebDriver.java:552)
at org.openqa.selenium.remote.RemoteWebElement.execute(RemoteWebElement.java:285)
at org.openqa.selenium.remote.RemoteWebElement.click(RemoteWebElement.java:84)
at java.base/jdk.internal.reflect.NativeMethodAccessorImpl.invoke0(Native Method)
at java.base/jdk.internal.reflect.NativeMethodAccessorImpl.invoke(NativeMethodAccessorImpl.java:62)
at java.base/jdk.internal.reflect.DelegatingMethodAccessorImpl.invoke(DelegatingMethodAccessorImpl.java:43)
at java.base/java.lang.reflect.Method.invoke(Method.java:566)
at org.openqa.selenium.support.pagefactory.internal.LocatingElementHandler.invoke(LocatingElementHandler.java:51)
at com.sun.proxy.$Proxy14.click(Unknown Source)
at bankofamericamuseum.BOAHmePage.navigateToLocationPage(BOAHmePage.java:106)
at bancofamericamuseumTest.BOATest.LocationPage(BOATest.java:21)
at java.base/jdk.internal.reflect.NativeMethodAccessorImpl.invoke0(Native Method)
at java.base/jdk.internal.reflect.NativeMethodAccessorImpl.invoke(NativeMethodAccessorImpl.java:62)
at java.base/jdk.internal.reflect.DelegatingMethodAccessorImpl.invoke(DelegatingMethodAccessorImpl.java:43)
at java.base/java.lang.reflect.Method.invoke(Method.java:566)
at org.testng.internal.MethodInvocationHelper.invokeMethod(MethodInvocationHelper.java:134)
at org.testng.internal.TestInvoker.invokeMethod(TestInvoker.java:597)
at org.testng.internal.TestInvoker.invokeTestMethod(TestInvoker.java:173)
at org.testng.internal.MethodRunner.runInSequence(MethodRunner.java:46)
at org.testng.internal.TestInvoker$MethodInvocationAgent.invoke(TestInvoker.java:816)
at org.testng.internal.TestInvoker.invokeTestMethods(TestInvoker.java:146)
at org.testng.internal.TestMethodWorker.invokeTestMethods(TestMethodWorker.java:146)
at org.testng.internal.TestMethodWorker.run(TestMethodWorker.java:128)
at java.base/java.util.ArrayList.forEach(ArrayList.java:1541)
at org.testng.TestRunner.privateRun(TestRunner.java:766)
at org.testng.TestRunner.run(TestRunner.java:587)
at org.testng.SuiteRunner.runTest(SuiteRunner.java:384)
at org.testng.SuiteRunner.runSequentially(SuiteRunner.java:378)
at org.testng.SuiteRunner.privateRun(SuiteRunner.java:337)
at org.testng.SuiteRunner.run(SuiteRunner.java:286)
at org.testng.SuiteRunnerWorker.runSuite(SuiteRunnerWorker.java:53)
at org.testng.SuiteRunnerWorker.run(SuiteRunnerWorker.java:96)
at org.testng.TestNG.runSuitesSequentially(TestNG.java:1187)
at org.testng.TestNG.runSuitesLocally(TestNG.java:1109)
at org.testng.TestNG.runSuites(TestNG.java:1039)
at org.testng.TestNG.run(TestNG.java:1007)
at org.apache.maven.surefire.testng.TestNGExecutor.run(TestNGExecutor.java:284)
at org.apache.maven.surefire.testng.TestNGXmlTestSuite.execute(TestNGXmlTestSuite.java:75)
at org.apache.maven.surefire.testng.TestNGProvider.invoke(TestNGProvider.java:119)
at org.apache.maven.surefire.booter.ForkedBooter.runSuitesInProcess(ForkedBooter.java:428)
at org.apache.maven.surefire.booter.ForkedBooter.execute(ForkedBooter.java:162)
at org.apache.maven.surefire.booter.ForkedBooter.run(ForkedBooter.java:562)
at org.apache.maven.surefire.booter.ForkedBooter.main(ForkedBooter.java:548)
]]>
            </full-stacktrace>
          </exception> <!-- org.openqa.selenium.ElementClickInterceptedException -->
          <reporter-output>
          </reporter-output>
        </test-method> <!-- LocationPage -->
        <test-method is-config="true" signature="afterEachTestMethod(org.testng.ITestResult)[pri:0, instance:bancofamericamuseumTest.BOATest@53976f5c]" started-at="2020-12-01T09:09:50 EST" name="afterEachTestMethod" finished-at="2020-12-01T09:10:15 EST" duration-ms="24509" status="PASS">
          <params>
            <param index="0">
              <value>
                <![CDATA[[TestResult name=LocationPage status=FAILURE method=BOATest.LocationPage()[pri:0, instance:bancofamericamuseumTest.BOATest@53976f5c] output={null}]]]>
              </value>
            </param>
          </params>
          <reporter-output>
          </reporter-output>
        </test-method> <!-- afterEachTestMethod -->
        <test-method is-config="true" signature="setUp(boolean, java.lang.String, java.lang.String, java.lang.String, java.lang.String, java.lang.String, java.lang.String)[pri:0, instance:bancofamericamuseumTest.BOATest@53976f5c]" started-at="2020-12-01T09:10:15 EST" name="setUp" finished-at="2020-12-01T09:10:24 EST" duration-ms="9148" status="PASS">
          <params>
            <param index="0">
              <value>
                <![CDATA[false]]>
              </value>
            </param>
            <param index="1">
              <value>
                <![CDATA[browserStack]]>
              </value>
            </param>
            <param index="2">
              <value>
                <![CDATA[windows]]>
              </value>
            </param>
            <param index="3">
              <value>
                <![CDATA[10]]>
              </value>
            </param>
            <param index="4">
              <value>
                <![CDATA[chrome]]>
              </value>
            </param>
            <param index="5">
              <value>
                <![CDATA[86]]>
              </value>
            </param>
            <param index="6">
              <value>
                <![CDATA[https://www.bankofamerica.com/]]>
              </value>
            </param>
          </params>
          <reporter-output>
          </reporter-output>
        </test-method> <!-- setUp -->
        <test-method is-config="true" signature="startExtent(java.lang.reflect.Method)[pri:0, instance:bancofamericamuseumTest.BOATest@53976f5c]" started-at="2020-12-01T09:10:24 EST" name="startExtent" finished-at="2020-12-01T09:10:24 EST" duration-ms="0" status="PASS">
          <params>
            <param index="0">
              <value>
                <![CDATA[public void bancofamericamuseumTest.BOATest.PlayReinventingVideoMerrill() throws java.lang.InterruptedException]]>
              </value>
            </param>
          </params>
          <reporter-output>
          </reporter-output>
        </test-method> <!-- startExtent -->
        <test-method is-config="true" signature="getInit()[pri:0, instance:bancofamericamuseumTest.BOATest@53976f5c]" started-at="2020-12-01T09:10:24 EST" name="getInit" finished-at="2020-12-01T09:10:24 EST" duration-ms="1" status="PASS">
          <reporter-output>
          </reporter-output>
        </test-method> <!-- getInit -->
        <test-method signature="PlayReinventingVideoMerrill()[pri:0, instance:bancofamericamuseumTest.BOATest@53976f5c]" started-at="2020-12-01T09:10:24 EST" name="PlayReinventingVideoMerrill" finished-at="2020-12-01T09:10:48 EST" duration-ms="24187" status="PASS">
          <reporter-output>
          </reporter-output>
        </test-method> <!-- PlayReinventingVideoMerrill -->
        <test-method is-config="true" signature="afterEachTestMethod(org.testng.ITestResult)[pri:0, instance:bancofamericamuseumTest.BOATest@53976f5c]" started-at="2020-12-01T09:10:48 EST" name="afterEachTestMethod" finished-at="2020-12-01T09:10:48 EST" duration-ms="630" status="PASS">
          <params>
            <param index="0">
              <value>
                <![CDATA[[TestResult name=PlayReinventingVideoMerrill status=SUCCESS method=BOATest.PlayReinventingVideoMerrill()[pri:0, instance:bancofamericamuseumTest.BOATest@53976f5c] output={null}]]]>
              </value>
            </param>
          </params>
          <reporter-output>
          </reporter-output>
        </test-method> <!-- afterEachTestMethod -->
        <test-method is-config="true" signature="setUp(boolean, java.lang.String, java.lang.String, java.lang.String, java.lang.String, java.lang.String, java.lang.String)[pri:0, instance:bancofamericamuseumTest.BOATest@53976f5c]" started-at="2020-12-01T09:10:48 EST" name="setUp" finished-at="2020-12-01T09:10:58 EST" duration-ms="9096" status="PASS">
          <params>
            <param index="0">
              <value>
                <![CDATA[false]]>
              </value>
            </param>
            <param index="1">
              <value>
                <![CDATA[browserStack]]>
              </value>
            </param>
            <param index="2">
              <value>
                <![CDATA[windows]]>
              </value>
            </param>
            <param index="3">
              <value>
                <![CDATA[10]]>
              </value>
            </param>
            <param index="4">
              <value>
                <![CDATA[chrome]]>
              </value>
            </param>
            <param index="5">
              <value>
                <![CDATA[86]]>
              </value>
            </param>
            <param index="6">
              <value>
                <![CDATA[https://www.bankofamerica.com/]]>
              </value>
            </param>
          </params>
          <reporter-output>
          </reporter-output>
        </test-method> <!-- setUp -->
        <test-method is-config="true" signature="startExtent(java.lang.reflect.Method)[pri:0, instance:bancofamericamuseumTest.BOATest@53976f5c]" started-at="2020-12-01T09:10:58 EST" name="startExtent" finished-at="2020-12-01T09:10:58 EST" duration-ms="1" status="PASS">
          <params>
            <param index="0">
              <value>
                <![CDATA[public void bancofamericamuseumTest.BOATest.SearchBox() throws java.lang.InterruptedException]]>
              </value>
            </param>
          </params>
          <reporter-output>
          </reporter-output>
        </test-method> <!-- startExtent -->
        <test-method is-config="true" signature="getInit()[pri:0, instance:bancofamericamuseumTest.BOATest@53976f5c]" started-at="2020-12-01T09:10:58 EST" name="getInit" finished-at="2020-12-01T09:10:58 EST" duration-ms="0" status="PASS">
          <reporter-output>
          </reporter-output>
        </test-method> <!-- getInit -->
        <test-method signature="SearchBox()[pri:0, instance:bancofamericamuseumTest.BOATest@53976f5c]" started-at="2020-12-01T09:10:58 EST" name="SearchBox" finished-at="2020-12-01T09:11:06 EST" duration-ms="8233" status="PASS">
          <reporter-output>
          </reporter-output>
        </test-method> <!-- SearchBox -->
        <test-method is-config="true" signature="afterEachTestMethod(org.testng.ITestResult)[pri:0, instance:bancofamericamuseumTest.BOATest@53976f5c]" started-at="2020-12-01T09:11:06 EST" name="afterEachTestMethod" finished-at="2020-12-01T09:11:06 EST" duration-ms="627" status="PASS">
          <params>
            <param index="0">
              <value>
                <![CDATA[[TestResult name=SearchBox status=SUCCESS method=BOATest.SearchBox()[pri:0, instance:bancofamericamuseumTest.BOATest@53976f5c] output={null}]]]>
              </value>
            </param>
          </params>
          <reporter-output>
          </reporter-output>
        </test-method> <!-- afterEachTestMethod -->
        <test-method is-config="true" signature="setUp(boolean, java.lang.String, java.lang.String, java.lang.String, java.lang.String, java.lang.String, java.lang.String)[pri:0, instance:bancofamericamuseumTest.BOATest@53976f5c]" started-at="2020-12-01T09:11:06 EST" name="setUp" finished-at="2020-12-01T09:11:19 EST" duration-ms="12719" status="PASS">
          <params>
            <param index="0">
              <value>
                <![CDATA[false]]>
              </value>
            </param>
            <param index="1">
              <value>
                <![CDATA[browserStack]]>
              </value>
            </param>
            <param index="2">
              <value>
                <![CDATA[windows]]>
              </value>
            </param>
            <param index="3">
              <value>
                <![CDATA[10]]>
              </value>
            </param>
            <param index="4">
              <value>
                <![CDATA[chrome]]>
              </value>
            </param>
            <param index="5">
              <value>
                <![CDATA[86]]>
              </value>
            </param>
            <param index="6">
              <value>
                <![CDATA[https://www.bankofamerica.com/]]>
              </value>
            </param>
          </params>
          <reporter-output>
          </reporter-output>
        </test-method> <!-- setUp -->
        <test-method is-config="true" signature="startExtent(java.lang.reflect.Method)[pri:0, instance:bancofamericamuseumTest.BOATest@53976f5c]" started-at="2020-12-01T09:11:19 EST" name="startExtent" finished-at="2020-12-01T09:11:19 EST" duration-ms="1" status="PASS">
          <params>
            <param index="0">
              <value>
                <![CDATA[public void bancofamericamuseumTest.BOATest.calculateCostDeptFunctions() throws java.lang.InterruptedException]]>
              </value>
            </param>
          </params>
          <reporter-output>
          </reporter-output>
        </test-method> <!-- startExtent -->
        <test-method signature="calculateCostDeptFunctions()[pri:0, instance:bancofamericamuseumTest.BOATest@53976f5c]" started-at="2020-12-01T09:11:19 EST" name="calculateCostDeptFunctions" finished-at="2020-12-01T09:12:05 EST" duration-ms="45964" status="FAIL">
          <exception class="org.openqa.selenium.TimeoutException">
            <message>
              <![CDATA[Expected condition failed: waiting for element to be clickable: By.xpath: //*[@id="top"]/div/div[1]/div/div[2] (tried for 15 second(s) with 500 milliseconds interval)]]>
            </message>
            <full-stacktrace>
              <![CDATA[org.openqa.selenium.TimeoutException: Expected condition failed: waiting for element to be clickable: By.xpath: //*[@id="top"]/div/div[1]/div/div[2] (tried for 15 second(s) with 500 milliseconds interval)
at org.openqa.selenium.support.ui.WebDriverWait.timeoutException(WebDriverWait.java:95)
at org.openqa.selenium.support.ui.FluentWait.until(FluentWait.java:272)
at common.WebAPI.waitTimeExplicit(WebAPI.java:633)
at bankofamericamuseum.BOAHmePage.CostOfDebtElements(BOAHmePage.java:301)
at bancofamericamuseumTest.BOATest.calculateCostDeptFunctions(BOATest.java:92)
at java.base/jdk.internal.reflect.NativeMethodAccessorImpl.invoke0(Native Method)
at java.base/jdk.internal.reflect.NativeMethodAccessorImpl.invoke(NativeMethodAccessorImpl.java:62)
at java.base/jdk.internal.reflect.DelegatingMethodAccessorImpl.invoke(DelegatingMethodAccessorImpl.java:43)
at java.base/java.lang.reflect.Method.invoke(Method.java:566)
at org.testng.internal.MethodInvocationHelper.invokeMethod(MethodInvocationHelper.java:134)
at org.testng.internal.TestInvoker.invokeMethod(TestInvoker.java:597)
at org.testng.internal.TestInvoker.invokeTestMethod(TestInvoker.java:173)
at org.testng.internal.MethodRunner.runInSequence(MethodRunner.java:46)
at org.testng.internal.TestInvoker$MethodInvocationAgent.invoke(TestInvoker.java:816)
at org.testng.internal.TestInvoker.invokeTestMethods(TestInvoker.java:146)
at org.testng.internal.TestMethodWorker.invokeTestMethods(TestMethodWorker.java:146)
at org.testng.internal.TestMethodWorker.run(TestMethodWorker.java:128)
at java.base/java.util.ArrayList.forEach(ArrayList.java:1541)
at org.testng.TestRunner.privateRun(TestRunner.java:766)
at org.testng.TestRunner.run(TestRunner.java:587)
at org.testng.SuiteRunner.runTest(SuiteRunner.java:384)
at org.testng.SuiteRunner.runSequentially(SuiteRunner.java:378)
at org.testng.SuiteRunner.privateRun(SuiteRunner.java:337)
at org.testng.SuiteRunner.run(SuiteRunner.java:286)
at org.testng.SuiteRunnerWorker.runSuite(SuiteRunnerWorker.java:53)
at org.testng.SuiteRunnerWorker.run(SuiteRunnerWorker.java:96)
at org.testng.TestNG.runSuitesSequentially(TestNG.java:1187)
at org.testng.TestNG.runSuitesLocally(TestNG.java:1109)
at org.testng.TestNG.runSuites(TestNG.java:1039)
at org.testng.TestNG.run(TestNG.java:1007)
at org.apache.maven.surefire.testng.TestNGExecutor.run(TestNGExecutor.java:284)
at org.apache.maven.surefire.testng.TestNGXmlTestSuite.execute(TestNGXmlTestSuite.java:75)
at org.apache.maven.surefire.testng.TestNGProvider.invoke(TestNGProvider.java:119)
at org.apache.maven.surefire.booter.ForkedBooter.runSuitesInProcess(ForkedBooter.java:428)
at org.apache.maven.surefire.booter.ForkedBooter.execute(ForkedBooter.java:162)
at org.apache.maven.surefire.booter.ForkedBooter.run(ForkedBooter.java:562)
at org.apache.maven.surefire.booter.ForkedBooter.main(ForkedBooter.java:548)
Caused by: org.openqa.selenium.NoSuchElementException: no such element: Unable to locate element: {"method":"xpath","selector":"//*[@id="top"]/div/div[1]/div/div[2]"}
  (Session info: chrome=87.0.4280.66)
For documentation on this error, please visit: https://www.seleniumhq.org/exceptions/no_such_element.html
Build info: version: '3.141.59', revision: 'e82be7d358', time: '2018-11-14T08:17:03'
System info: host: 'LAPTOP-8DAJPHUM', ip: '192.168.0.4', os.name: 'Windows 10', os.arch: 'amd64', os.version: '10.0', java.version: '11.0.8'
Driver info: org.openqa.selenium.chrome.ChromeDriver
Capabilities {acceptInsecureCerts: false, browserName: chrome, browserVersion: 87.0.4280.66, chrome: {chromedriverVersion: 86.0.4240.22 (398b0743353ff..., userDataDir: C:\Users\alaed\AppData\Loca...}, goog:chromeOptions: {debuggerAddress: localhost:53386}, javascriptEnabled: true, networkConnectionEnabled: false, pageLoadStrategy: normal, platform: WINDOWS, platformName: WINDOWS, proxy: Proxy(), setWindowRect: true, strictFileInteractability: false, timeouts: {implicit: 0, pageLoad: 300000, script: 30000}, unhandledPromptBehavior: dismiss and notify, webauthn:virtualAuthenticators: true}
Session ID: b1ff414b296f75018f731537a897150a
*** Element info: {Using=xpath, value=//*[@id="top"]/div/div[1]/div/div[2]}
at java.base/jdk.internal.reflect.NativeConstructorAccessorImpl.newInstance0(Native Method)
at java.base/jdk.internal.reflect.NativeConstructorAccessorImpl.newInstance(NativeConstructorAccessorImpl.java:62)
at java.base/jdk.internal.reflect.DelegatingConstructorAccessorImpl.newInstance(DelegatingConstructorAccessorImpl.java:45)
at java.base/java.lang.reflect.Constructor.newInstance(Constructor.java:490)
at org.openqa.selenium.remote.http.W3CHttpResponseCodec.createException(W3CHttpResponseCodec.java:187)
at org.openqa.selenium.remote.http.W3CHttpResponseCodec.decode(W3CHttpResponseCodec.java:122)
at org.openqa.selenium.remote.http.W3CHttpResponseCodec.decode(W3CHttpResponseCodec.java:49)
at org.openqa.selenium.remote.HttpCommandExecutor.execute(HttpCommandExecutor.java:158)
at org.openqa.selenium.remote.service.DriverCommandExecutor.execute(DriverCommandExecutor.java:83)
at org.openqa.selenium.remote.RemoteWebDriver.execute(RemoteWebDriver.java:552)
at org.openqa.selenium.remote.RemoteWebDriver.findElement(RemoteWebDriver.java:323)
at org.openqa.selenium.remote.RemoteWebDriver.findElementByXPath(RemoteWebDriver.java:428)
at org.openqa.selenium.By$ByXPath.findElement(By.java:353)
at org.openqa.selenium.remote.RemoteWebDriver.findElement(RemoteWebDriver.java:315)
at org.openqa.selenium.support.ui.ExpectedConditions$7.apply(ExpectedConditions.java:205)
at org.openqa.selenium.support.ui.ExpectedConditions$7.apply(ExpectedConditions.java:201)
at org.openqa.selenium.support.ui.ExpectedConditions$22.apply(ExpectedConditions.java:641)
at org.openqa.selenium.support.ui.ExpectedConditions$22.apply(ExpectedConditions.java:638)
at org.openqa.selenium.support.ui.FluentWait.until(FluentWait.java:249)
... 35 more
]]>
            </full-stacktrace>
          </exception> <!-- org.openqa.selenium.TimeoutException -->
          <reporter-output>
          </reporter-output>
        </test-method> <!-- calculateCostDeptFunctions -->
        <test-method is-config="true" signature="getInit()[pri:0, instance:bancofamericamuseumTest.BOATest@53976f5c]" started-at="2020-12-01T09:11:19 EST" name="getInit" finished-at="2020-12-01T09:11:19 EST" duration-ms="0" status="PASS">
          <reporter-output>
          </reporter-output>
        </test-method> <!-- getInit -->
        <test-method is-config="true" signature="afterEachTestMethod(org.testng.ITestResult)[pri:0, instance:bancofamericamuseumTest.BOATest@53976f5c]" started-at="2020-12-01T09:12:05 EST" name="afterEachTestMethod" finished-at="2020-12-01T09:12:06 EST" duration-ms="960" status="PASS">
          <params>
            <param index="0">
              <value>
                <![CDATA[[TestResult name=calculateCostDeptFunctions status=FAILURE method=BOATest.calculateCostDeptFunctions()[pri:0, instance:bancofamericamuseumTest.BOATest@53976f5c] output={null}]]]>
              </value>
            </param>
          </params>
          <reporter-output>
          </reporter-output>
        </test-method> <!-- afterEachTestMethod -->
        <test-method is-config="true" signature="setUp(boolean, java.lang.String, java.lang.String, java.lang.String, java.lang.String, java.lang.String, java.lang.String)[pri:0, instance:bancofamericamuseumTest.BOATest@53976f5c]" started-at="2020-12-01T09:12:06 EST" name="setUp" finished-at="2020-12-01T09:12:14 EST" duration-ms="7956" status="PASS">
          <params>
            <param index="0">
              <value>
                <![CDATA[false]]>
              </value>
            </param>
            <param index="1">
              <value>
                <![CDATA[browserStack]]>
              </value>
            </param>
            <param index="2">
              <value>
                <![CDATA[windows]]>
              </value>
            </param>
            <param index="3">
              <value>
                <![CDATA[10]]>
              </value>
            </param>
            <param index="4">
              <value>
                <![CDATA[chrome]]>
              </value>
            </param>
            <param index="5">
              <value>
                <![CDATA[86]]>
              </value>
            </param>
            <param index="6">
              <value>
                <![CDATA[https://www.bankofamerica.com/]]>
              </value>
            </param>
          </params>
          <reporter-output>
          </reporter-output>
        </test-method> <!-- setUp -->
        <test-method is-config="true" signature="getInit()[pri:0, instance:bancofamericamuseumTest.BOATest@53976f5c]" started-at="2020-12-01T09:12:14 EST" name="getInit" finished-at="2020-12-01T09:12:14 EST" duration-ms="1" status="PASS">
          <reporter-output>
          </reporter-output>
        </test-method> <!-- getInit -->
        <test-method is-config="true" signature="startExtent(java.lang.reflect.Method)[pri:0, instance:bancofamericamuseumTest.BOATest@53976f5c]" started-at="2020-12-01T09:12:14 EST" name="startExtent" finished-at="2020-12-01T09:12:14 EST" duration-ms="0" status="PASS">
          <params>
            <param index="0">
              <value>
                <![CDATA[public void bancofamericamuseumTest.BOATest.chatBoxFunction() throws java.lang.InterruptedException]]>
              </value>
            </param>
          </params>
          <reporter-output>
          </reporter-output>
        </test-method> <!-- startExtent -->
        <test-method signature="chatBoxFunction()[pri:0, instance:bancofamericamuseumTest.BOATest@53976f5c]" started-at="2020-12-01T09:12:14 EST" name="chatBoxFunction" finished-at="2020-12-01T09:12:43 EST" duration-ms="29198" status="FAIL">
          <exception class="org.openqa.selenium.TimeoutException">
            <message>
              <![CDATA[Expected condition failed: waiting for visibility of element located by By.xpath: //*[@id='chatWidgetModule']/button[1] (tried for 8 second(s) with 500 milliseconds interval)
Build info: version: '3.141.59', revision: 'e82be7d358', time: '2018-11-14T08:17:03'
System info: host: 'LAPTOP-8DAJPHUM', ip: '192.168.0.4', os.name: 'Windows 10', os.arch: 'amd64', os.version: '10.0', java.version: '11.0.8'
Driver info: org.openqa.selenium.chrome.ChromeDriver
Capabilities {acceptInsecureCerts: false, browserName: chrome, browserVersion: 87.0.4280.66, chrome: {chromedriverVersion: 86.0.4240.22 (398b0743353ff..., userDataDir: C:\Users\alaed\AppData\Loca...}, goog:chromeOptions: {debuggerAddress: localhost:53587}, javascriptEnabled: true, networkConnectionEnabled: false, pageLoadStrategy: normal, platform: WINDOWS, platformName: WINDOWS, proxy: Proxy(), setWindowRect: true, strictFileInteractability: false, timeouts: {implicit: 0, pageLoad: 300000, script: 30000}, unhandledPromptBehavior: dismiss and notify, webauthn:virtualAuthenticators: true}
Session ID: bfc51616a5290bf75023b61edc5b0553]]>
            </message>
            <full-stacktrace>
              <![CDATA[org.openqa.selenium.TimeoutException: Expected condition failed: waiting for visibility of element located by By.xpath: //*[@id='chatWidgetModule']/button[1] (tried for 8 second(s) with 500 milliseconds interval)
Build info: version: '3.141.59', revision: 'e82be7d358', time: '2018-11-14T08:17:03'
System info: host: 'LAPTOP-8DAJPHUM', ip: '192.168.0.4', os.name: 'Windows 10', os.arch: 'amd64', os.version: '10.0', java.version: '11.0.8'
Driver info: org.openqa.selenium.chrome.ChromeDriver
Capabilities {acceptInsecureCerts: false, browserName: chrome, browserVersion: 87.0.4280.66, chrome: {chromedriverVersion: 86.0.4240.22 (398b0743353ff..., userDataDir: C:\Users\alaed\AppData\Loca...}, goog:chromeOptions: {debuggerAddress: localhost:53587}, javascriptEnabled: true, networkConnectionEnabled: false, pageLoadStrategy: normal, platform: WINDOWS, platformName: WINDOWS, proxy: Proxy(), setWindowRect: true, strictFileInteractability: false, timeouts: {implicit: 0, pageLoad: 300000, script: 30000}, unhandledPromptBehavior: dismiss and notify, webauthn:virtualAuthenticators: true}
Session ID: bfc51616a5290bf75023b61edc5b0553
at org.openqa.selenium.support.ui.WebDriverWait.timeoutException(WebDriverWait.java:95)
at org.openqa.selenium.support.ui.FluentWait.until(FluentWait.java:272)
at bankofamericamuseum.BOAHmePage.chatBoxFunctionElement(BOAHmePage.java:250)
at bancofamericamuseumTest.BOATest.chatBoxFunction(BOATest.java:77)
at java.base/jdk.internal.reflect.NativeMethodAccessorImpl.invoke0(Native Method)
at java.base/jdk.internal.reflect.NativeMethodAccessorImpl.invoke(NativeMethodAccessorImpl.java:62)
at java.base/jdk.internal.reflect.DelegatingMethodAccessorImpl.invoke(DelegatingMethodAccessorImpl.java:43)
at java.base/java.lang.reflect.Method.invoke(Method.java:566)
at org.testng.internal.MethodInvocationHelper.invokeMethod(MethodInvocationHelper.java:134)
at org.testng.internal.TestInvoker.invokeMethod(TestInvoker.java:597)
at org.testng.internal.TestInvoker.invokeTestMethod(TestInvoker.java:173)
at org.testng.internal.MethodRunner.runInSequence(MethodRunner.java:46)
at org.testng.internal.TestInvoker$MethodInvocationAgent.invoke(TestInvoker.java:816)
at org.testng.internal.TestInvoker.invokeTestMethods(TestInvoker.java:146)
at org.testng.internal.TestMethodWorker.invokeTestMethods(TestMethodWorker.java:146)
at org.testng.internal.TestMethodWorker.run(TestMethodWorker.java:128)
at java.base/java.util.ArrayList.forEach(ArrayList.java:1541)
at org.testng.TestRunner.privateRun(TestRunner.java:766)
at org.testng.TestRunner.run(TestRunner.java:587)
at org.testng.SuiteRunner.runTest(SuiteRunner.java:384)
at org.testng.SuiteRunner.runSequentially(SuiteRunner.java:378)
at org.testng.SuiteRunner.privateRun(SuiteRunner.java:337)
at org.testng.SuiteRunner.run(SuiteRunner.java:286)
at org.testng.SuiteRunnerWorker.runSuite(SuiteRunnerWorker.java:53)
at org.testng.SuiteRunnerWorker.run(SuiteRunnerWorker.java:96)
at org.testng.TestNG.runSuitesSequentially(TestNG.java:1187)
at org.testng.TestNG.runSuitesLocally(TestNG.java:1109)
at org.testng.TestNG.runSuites(TestNG.java:1039)
at org.testng.TestNG.run(TestNG.java:1007)
at org.apache.maven.surefire.testng.TestNGExecutor.run(TestNGExecutor.java:284)
at org.apache.maven.surefire.testng.TestNGXmlTestSuite.execute(TestNGXmlTestSuite.java:75)
at org.apache.maven.surefire.testng.TestNGProvider.invoke(TestNGProvider.java:119)
at org.apache.maven.surefire.booter.ForkedBooter.runSuitesInProcess(ForkedBooter.java:428)
at org.apache.maven.surefire.booter.ForkedBooter.execute(ForkedBooter.java:162)
at org.apache.maven.surefire.booter.ForkedBooter.run(ForkedBooter.java:562)
at org.apache.maven.surefire.booter.ForkedBooter.main(ForkedBooter.java:548)
]]>
            </full-stacktrace>
          </exception> <!-- org.openqa.selenium.TimeoutException -->
          <reporter-output>
          </reporter-output>
        </test-method> <!-- chatBoxFunction -->
        <test-method is-config="true" signature="afterEachTestMethod(org.testng.ITestResult)[pri:0, instance:bancofamericamuseumTest.BOATest@53976f5c]" started-at="2020-12-01T09:12:43 EST" name="afterEachTestMethod" finished-at="2020-12-01T09:12:44 EST" duration-ms="996" status="PASS">
          <params>
            <param index="0">
              <value>
                <![CDATA[[TestResult name=chatBoxFunction status=FAILURE method=BOATest.chatBoxFunction()[pri:0, instance:bancofamericamuseumTest.BOATest@53976f5c] output={null}]]]>
              </value>
            </param>
          </params>
          <reporter-output>
          </reporter-output>
        </test-method> <!-- afterEachTestMethod -->
        <test-method is-config="true" signature="setUp(boolean, java.lang.String, java.lang.String, java.lang.String, java.lang.String, java.lang.String, java.lang.String)[pri:0, instance:bancofamericamuseumTest.BOATest@53976f5c]" started-at="2020-12-01T09:12:44 EST" name="setUp" finished-at="2020-12-01T09:12:55 EST" duration-ms="11198" status="PASS">
          <params>
            <param index="0">
              <value>
                <![CDATA[false]]>
              </value>
            </param>
            <param index="1">
              <value>
                <![CDATA[browserStack]]>
              </value>
            </param>
            <param index="2">
              <value>
                <![CDATA[windows]]>
              </value>
            </param>
            <param index="3">
              <value>
                <![CDATA[10]]>
              </value>
            </param>
            <param index="4">
              <value>
                <![CDATA[chrome]]>
              </value>
            </param>
            <param index="5">
              <value>
                <![CDATA[86]]>
              </value>
            </param>
            <param index="6">
              <value>
                <![CDATA[https://www.bankofamerica.com/]]>
              </value>
            </param>
          </params>
          <reporter-output>
          </reporter-output>
        </test-method> <!-- setUp -->
        <test-method is-config="true" signature="startExtent(java.lang.reflect.Method)[pri:0, instance:bancofamericamuseumTest.BOATest@53976f5c]" started-at="2020-12-01T09:12:55 EST" name="startExtent" finished-at="2020-12-01T09:12:55 EST" duration-ms="1" status="PASS">
          <params>
            <param index="0">
              <value>
                <![CDATA[public void bancofamericamuseumTest.BOATest.checkNearMeButtonMap() throws java.lang.InterruptedException]]>
              </value>
            </param>
          </params>
          <reporter-output>
          </reporter-output>
        </test-method> <!-- startExtent -->
        <test-method is-config="true" signature="getInit()[pri:0, instance:bancofamericamuseumTest.BOATest@53976f5c]" started-at="2020-12-01T09:12:55 EST" name="getInit" finished-at="2020-12-01T09:12:55 EST" duration-ms="0" status="PASS">
          <reporter-output>
          </reporter-output>
        </test-method> <!-- getInit -->
        <test-method signature="checkNearMeButtonMap()[pri:0, instance:bancofamericamuseumTest.BOATest@53976f5c]" started-at="2020-12-01T09:12:55 EST" name="checkNearMeButtonMap" finished-at="2020-12-01T09:13:03 EST" duration-ms="7846" status="PASS">
          <reporter-output>
          </reporter-output>
        </test-method> <!-- checkNearMeButtonMap -->
        <test-method is-config="true" signature="afterEachTestMethod(org.testng.ITestResult)[pri:0, instance:bancofamericamuseumTest.BOATest@53976f5c]" started-at="2020-12-01T09:13:03 EST" name="afterEachTestMethod" finished-at="2020-12-01T09:13:04 EST" duration-ms="615" status="PASS">
          <params>
            <param index="0">
              <value>
                <![CDATA[[TestResult name=checkNearMeButtonMap status=SUCCESS method=BOATest.checkNearMeButtonMap()[pri:0, instance:bancofamericamuseumTest.BOATest@53976f5c] output={null}]]]>
              </value>
            </param>
          </params>
          <reporter-output>
          </reporter-output>
        </test-method> <!-- afterEachTestMethod -->
        <test-method is-config="true" signature="setUp(boolean, java.lang.String, java.lang.String, java.lang.String, java.lang.String, java.lang.String, java.lang.String)[pri:0, instance:bancofamericamuseumTest.BOATest@53976f5c]" started-at="2020-12-01T09:13:04 EST" name="setUp" finished-at="2020-12-01T09:13:11 EST" duration-ms="7210" status="PASS">
          <params>
            <param index="0">
              <value>
                <![CDATA[false]]>
              </value>
            </param>
            <param index="1">
              <value>
                <![CDATA[browserStack]]>
              </value>
            </param>
            <param index="2">
              <value>
                <![CDATA[windows]]>
              </value>
            </param>
            <param index="3">
              <value>
                <![CDATA[10]]>
              </value>
            </param>
            <param index="4">
              <value>
                <![CDATA[chrome]]>
              </value>
            </param>
            <param index="5">
              <value>
                <![CDATA[86]]>
              </value>
            </param>
            <param index="6">
              <value>
                <![CDATA[https://www.bankofamerica.com/]]>
              </value>
            </param>
          </params>
          <reporter-output>
          </reporter-output>
        </test-method> <!-- setUp -->
        <test-method is-config="true" signature="startExtent(java.lang.reflect.Method)[pri:0, instance:bancofamericamuseumTest.BOATest@53976f5c]" started-at="2020-12-01T09:13:11 EST" name="startExtent" finished-at="2020-12-01T09:13:11 EST" duration-ms="1" status="PASS">
          <params>
            <param index="0">
              <value>
                <![CDATA[public void bancofamericamuseumTest.BOATest.closeFilterFunctions() throws java.lang.InterruptedException]]>
              </value>
            </param>
          </params>
          <reporter-output>
          </reporter-output>
        </test-method> <!-- startExtent -->
        <test-method is-config="true" signature="getInit()[pri:0, instance:bancofamericamuseumTest.BOATest@53976f5c]" started-at="2020-12-01T09:13:11 EST" name="getInit" finished-at="2020-12-01T09:13:11 EST" duration-ms="0" status="PASS">
          <reporter-output>
          </reporter-output>
        </test-method> <!-- getInit -->
        <test-method signature="closeFilterFunctions()[pri:0, instance:bancofamericamuseumTest.BOATest@53976f5c]" started-at="2020-12-01T09:13:11 EST" name="closeFilterFunctions" finished-at="2020-12-01T09:13:12 EST" duration-ms="1097" status="FAIL">
          <exception class="org.openqa.selenium.ElementClickInterceptedException">
            <message>
              <![CDATA[element click intercepted: Element <a id="footer_bofa_locations" href="https://locators.bankofamerica.com/">...</a> is not clickable at point (374, 913). Other element would receive the click: <a id="AMT2HXAC" href="https://about.bankofamerica.com/promo/assistance/latest-updates-from-bank-of-america-coronavirus/?cm_sp=EBZ-BAC-Announcement-_-BACAnnouncement-_-AMT2HXAC01_Engagement_Banner_CV_Payments_ShowToAll_EB_cvStimulusHlCta" class="engagement-banner-link">...</a>
  (Session info: chrome=87.0.4280.66)
Build info: version: '3.141.59', revision: 'e82be7d358', time: '2018-11-14T08:17:03'
System info: host: 'LAPTOP-8DAJPHUM', ip: '192.168.0.4', os.name: 'Windows 10', os.arch: 'amd64', os.version: '10.0', java.version: '11.0.8'
Driver info: org.openqa.selenium.chrome.ChromeDriver
Capabilities {acceptInsecureCerts: false, browserName: chrome, browserVersion: 87.0.4280.66, chrome: {chromedriverVersion: 86.0.4240.22 (398b0743353ff..., userDataDir: C:\Users\alaed\AppData\Loca...}, goog:chromeOptions: {debuggerAddress: localhost:53834}, javascriptEnabled: true, networkConnectionEnabled: false, pageLoadStrategy: normal, platform: WINDOWS, platformName: WINDOWS, proxy: Proxy(), setWindowRect: true, strictFileInteractability: false, timeouts: {implicit: 0, pageLoad: 300000, script: 30000}, unhandledPromptBehavior: dismiss and notify, webauthn:virtualAuthenticators: true}
Session ID: f2acf5f6b8f35879364e1bda6d75c41c]]>
            </message>
            <full-stacktrace>
              <![CDATA[org.openqa.selenium.ElementClickInterceptedException: element click intercepted: Element <a id="footer_bofa_locations" href="https://locators.bankofamerica.com/">...</a> is not clickable at point (374, 913). Other element would receive the click: <a id="AMT2HXAC" href="https://about.bankofamerica.com/promo/assistance/latest-updates-from-bank-of-america-coronavirus/?cm_sp=EBZ-BAC-Announcement-_-BACAnnouncement-_-AMT2HXAC01_Engagement_Banner_CV_Payments_ShowToAll_EB_cvStimulusHlCta" class="engagement-banner-link">...</a>
  (Session info: chrome=87.0.4280.66)
Build info: version: '3.141.59', revision: 'e82be7d358', time: '2018-11-14T08:17:03'
System info: host: 'LAPTOP-8DAJPHUM', ip: '192.168.0.4', os.name: 'Windows 10', os.arch: 'amd64', os.version: '10.0', java.version: '11.0.8'
Driver info: org.openqa.selenium.chrome.ChromeDriver
Capabilities {acceptInsecureCerts: false, browserName: chrome, browserVersion: 87.0.4280.66, chrome: {chromedriverVersion: 86.0.4240.22 (398b0743353ff..., userDataDir: C:\Users\alaed\AppData\Loca...}, goog:chromeOptions: {debuggerAddress: localhost:53834}, javascriptEnabled: true, networkConnectionEnabled: false, pageLoadStrategy: normal, platform: WINDOWS, platformName: WINDOWS, proxy: Proxy(), setWindowRect: true, strictFileInteractability: false, timeouts: {implicit: 0, pageLoad: 300000, script: 30000}, unhandledPromptBehavior: dismiss and notify, webauthn:virtualAuthenticators: true}
Session ID: f2acf5f6b8f35879364e1bda6d75c41c
at java.base/jdk.internal.reflect.NativeConstructorAccessorImpl.newInstance0(Native Method)
at java.base/jdk.internal.reflect.NativeConstructorAccessorImpl.newInstance(NativeConstructorAccessorImpl.java:62)
at java.base/jdk.internal.reflect.DelegatingConstructorAccessorImpl.newInstance(DelegatingConstructorAccessorImpl.java:45)
at java.base/java.lang.reflect.Constructor.newInstance(Constructor.java:490)
at org.openqa.selenium.remote.http.W3CHttpResponseCodec.createException(W3CHttpResponseCodec.java:187)
at org.openqa.selenium.remote.http.W3CHttpResponseCodec.decode(W3CHttpResponseCodec.java:122)
at org.openqa.selenium.remote.http.W3CHttpResponseCodec.decode(W3CHttpResponseCodec.java:49)
at org.openqa.selenium.remote.HttpCommandExecutor.execute(HttpCommandExecutor.java:158)
at org.openqa.selenium.remote.service.DriverCommandExecutor.execute(DriverCommandExecutor.java:83)
at org.openqa.selenium.remote.RemoteWebDriver.execute(RemoteWebDriver.java:552)
at org.openqa.selenium.remote.RemoteWebElement.execute(RemoteWebElement.java:285)
at org.openqa.selenium.remote.RemoteWebElement.click(RemoteWebElement.java:84)
at java.base/jdk.internal.reflect.NativeMethodAccessorImpl.invoke0(Native Method)
at java.base/jdk.internal.reflect.NativeMethodAccessorImpl.invoke(NativeMethodAccessorImpl.java:62)
at java.base/jdk.internal.reflect.DelegatingMethodAccessorImpl.invoke(DelegatingMethodAccessorImpl.java:43)
at java.base/java.lang.reflect.Method.invoke(Method.java:566)
at org.openqa.selenium.support.pagefactory.internal.LocatingElementHandler.invoke(LocatingElementHandler.java:51)
at com.sun.proxy.$Proxy14.click(Unknown Source)
at bankofamericamuseum.BOAHmePage.closeFilterFunctions(BOAHmePage.java:150)
at bancofamericamuseumTest.BOATest.closeFilterFunctions(BOATest.java:33)
at java.base/jdk.internal.reflect.NativeMethodAccessorImpl.invoke0(Native Method)
at java.base/jdk.internal.reflect.NativeMethodAccessorImpl.invoke(NativeMethodAccessorImpl.java:62)
at java.base/jdk.internal.reflect.DelegatingMethodAccessorImpl.invoke(DelegatingMethodAccessorImpl.java:43)
at java.base/java.lang.reflect.Method.invoke(Method.java:566)
at org.testng.internal.MethodInvocationHelper.invokeMethod(MethodInvocationHelper.java:134)
at org.testng.internal.TestInvoker.invokeMethod(TestInvoker.java:597)
at org.testng.internal.TestInvoker.invokeTestMethod(TestInvoker.java:173)
at org.testng.internal.MethodRunner.runInSequence(MethodRunner.java:46)
at org.testng.internal.TestInvoker$MethodInvocationAgent.invoke(TestInvoker.java:816)
at org.testng.internal.TestInvoker.invokeTestMethods(TestInvoker.java:146)
at org.testng.internal.TestMethodWorker.invokeTestMethods(TestMethodWorker.java:146)
at org.testng.internal.TestMethodWorker.run(TestMethodWorker.java:128)
at java.base/java.util.ArrayList.forEach(ArrayList.java:1541)
at org.testng.TestRunner.privateRun(TestRunner.java:766)
at org.testng.TestRunner.run(TestRunner.java:587)
at org.testng.SuiteRunner.runTest(SuiteRunner.java:384)
at org.testng.SuiteRunner.runSequentially(SuiteRunner.java:378)
at org.testng.SuiteRunner.privateRun(SuiteRunner.java:337)
at org.testng.SuiteRunner.run(SuiteRunner.java:286)
at org.testng.SuiteRunnerWorker.runSuite(SuiteRunnerWorker.java:53)
at org.testng.SuiteRunnerWorker.run(SuiteRunnerWorker.java:96)
at org.testng.TestNG.runSuitesSequentially(TestNG.java:1187)
at org.testng.TestNG.runSuitesLocally(TestNG.java:1109)
at org.testng.TestNG.runSuites(TestNG.java:1039)
at org.testng.TestNG.run(TestNG.java:1007)
at org.apache.maven.surefire.testng.TestNGExecutor.run(TestNGExecutor.java:284)
at org.apache.maven.surefire.testng.TestNGXmlTestSuite.execute(TestNGXmlTestSuite.java:75)
at org.apache.maven.surefire.testng.TestNGProvider.invoke(TestNGProvider.java:119)
at org.apache.maven.surefire.booter.ForkedBooter.runSuitesInProcess(ForkedBooter.java:428)
at org.apache.maven.surefire.booter.ForkedBooter.execute(ForkedBooter.java:162)
at org.apache.maven.surefire.booter.ForkedBooter.run(ForkedBooter.java:562)
at org.apache.maven.surefire.booter.ForkedBooter.main(ForkedBooter.java:548)
]]>
            </full-stacktrace>
          </exception> <!-- org.openqa.selenium.ElementClickInterceptedException -->
          <reporter-output>
          </reporter-output>
        </test-method> <!-- closeFilterFunctions -->
        <test-method is-config="true" signature="afterEachTestMethod(org.testng.ITestResult)[pri:0, instance:bancofamericamuseumTest.BOATest@53976f5c]" started-at="2020-12-01T09:13:12 EST" name="afterEachTestMethod" finished-at="2020-12-01T09:14:03 EST" duration-ms="51162" status="PASS">
          <params>
            <param index="0">
              <value>
                <![CDATA[[TestResult name=closeFilterFunctions status=FAILURE method=BOATest.closeFilterFunctions()[pri:0, instance:bancofamericamuseumTest.BOATest@53976f5c] output={null}]]]>
              </value>
            </param>
          </params>
          <reporter-output>
          </reporter-output>
        </test-method> <!-- afterEachTestMethod -->
        <test-method is-config="true" signature="setUp(boolean, java.lang.String, java.lang.String, java.lang.String, java.lang.String, java.lang.String, java.lang.String)[pri:0, instance:bancofamericamuseumTest.BOATest@53976f5c]" started-at="2020-12-01T09:14:03 EST" name="setUp" finished-at="2020-12-01T09:14:13 EST" duration-ms="9322" status="PASS">
          <params>
            <param index="0">
              <value>
                <![CDATA[false]]>
              </value>
            </param>
            <param index="1">
              <value>
                <![CDATA[browserStack]]>
              </value>
            </param>
            <param index="2">
              <value>
                <![CDATA[windows]]>
              </value>
            </param>
            <param index="3">
              <value>
                <![CDATA[10]]>
              </value>
            </param>
            <param index="4">
              <value>
                <![CDATA[chrome]]>
              </value>
            </param>
            <param index="5">
              <value>
                <![CDATA[86]]>
              </value>
            </param>
            <param index="6">
              <value>
                <![CDATA[https://www.bankofamerica.com/]]>
              </value>
            </param>
          </params>
          <reporter-output>
          </reporter-output>
        </test-method> <!-- setUp -->
        <test-method is-config="true" signature="startExtent(java.lang.reflect.Method)[pri:0, instance:bancofamericamuseumTest.BOATest@53976f5c]" started-at="2020-12-01T09:14:13 EST" name="startExtent" finished-at="2020-12-01T09:14:13 EST" duration-ms="1" status="PASS">
          <params>
            <param index="0">
              <value>
                <![CDATA[public void bancofamericamuseumTest.BOATest.findLocationByState() throws java.lang.InterruptedException]]>
              </value>
            </param>
          </params>
          <reporter-output>
          </reporter-output>
        </test-method> <!-- startExtent -->
        <test-method is-config="true" signature="getInit()[pri:0, instance:bancofamericamuseumTest.BOATest@53976f5c]" started-at="2020-12-01T09:14:13 EST" name="getInit" finished-at="2020-12-01T09:14:13 EST" duration-ms="0" status="PASS">
          <reporter-output>
          </reporter-output>
        </test-method> <!-- getInit -->
        <test-method signature="findLocationByState()[pri:0, instance:bancofamericamuseumTest.BOATest@53976f5c]" started-at="2020-12-01T09:14:13 EST" name="findLocationByState" finished-at="2020-12-01T09:14:24 EST" duration-ms="11636" status="PASS">
          <reporter-output>
          </reporter-output>
        </test-method> <!-- findLocationByState -->
        <test-method is-config="true" signature="afterEachTestMethod(org.testng.ITestResult)[pri:0, instance:bancofamericamuseumTest.BOATest@53976f5c]" started-at="2020-12-01T09:14:24 EST" name="afterEachTestMethod" finished-at="2020-12-01T09:14:25 EST" duration-ms="598" status="PASS">
          <params>
            <param index="0">
              <value>
                <![CDATA[[TestResult name=findLocationByState status=SUCCESS method=BOATest.findLocationByState()[pri:0, instance:bancofamericamuseumTest.BOATest@53976f5c] output={null}]]]>
              </value>
            </param>
          </params>
          <reporter-output>
          </reporter-output>
        </test-method> <!-- afterEachTestMethod -->
        <test-method is-config="true" signature="setUp(boolean, java.lang.String, java.lang.String, java.lang.String, java.lang.String, java.lang.String, java.lang.String)[pri:0, instance:bancofamericamuseumTest.BOATest@53976f5c]" started-at="2020-12-01T09:14:25 EST" name="setUp" finished-at="2020-12-01T09:14:41 EST" duration-ms="16456" status="PASS">
          <params>
            <param index="0">
              <value>
                <![CDATA[false]]>
              </value>
            </param>
            <param index="1">
              <value>
                <![CDATA[browserStack]]>
              </value>
            </param>
            <param index="2">
              <value>
                <![CDATA[windows]]>
              </value>
            </param>
            <param index="3">
              <value>
                <![CDATA[10]]>
              </value>
            </param>
            <param index="4">
              <value>
                <![CDATA[chrome]]>
              </value>
            </param>
            <param index="5">
              <value>
                <![CDATA[86]]>
              </value>
            </param>
            <param index="6">
              <value>
                <![CDATA[https://www.bankofamerica.com/]]>
              </value>
            </param>
          </params>
          <reporter-output>
          </reporter-output>
        </test-method> <!-- setUp -->
        <test-method is-config="true" signature="startExtent(java.lang.reflect.Method)[pri:0, instance:bancofamericamuseumTest.BOATest@53976f5c]" started-at="2020-12-01T09:14:41 EST" name="startExtent" finished-at="2020-12-01T09:14:41 EST" duration-ms="0" status="PASS">
          <params>
            <param index="0">
              <value>
                <![CDATA[public void bancofamericamuseumTest.BOATest.investingMerrillHomePage() throws java.lang.InterruptedException]]>
              </value>
            </param>
          </params>
          <reporter-output>
          </reporter-output>
        </test-method> <!-- startExtent -->
        <test-method signature="investingMerrillHomePage()[pri:0, instance:bancofamericamuseumTest.BOATest@53976f5c]" started-at="2020-12-01T09:14:41 EST" name="investingMerrillHomePage" finished-at="2020-12-01T09:14:42 EST" duration-ms="1062" status="FAIL">
          <exception class="org.openqa.selenium.ElementClickInterceptedException">
            <message>
              <![CDATA[element click intercepted: Element <a id="footer_bofa_locations" href="https://locators.bankofamerica.com/">...</a> is not clickable at point (374, 915). Other element would receive the click: <a id="AMT2HXAC" href="https://about.bankofamerica.com/promo/assistance/latest-updates-from-bank-of-america-coronavirus/?cm_sp=EBZ-BAC-Announcement-_-BACAnnouncement-_-AMT2HXAC01_Engagement_Banner_CV_Payments_ShowToAll_EB_cvStimulusHlCta" class="engagement-banner-link">...</a>
  (Session info: chrome=87.0.4280.66)
Build info: version: '3.141.59', revision: 'e82be7d358', time: '2018-11-14T08:17:03'
System info: host: 'LAPTOP-8DAJPHUM', ip: '192.168.0.4', os.name: 'Windows 10', os.arch: 'amd64', os.version: '10.0', java.version: '11.0.8'
Driver info: org.openqa.selenium.chrome.ChromeDriver
Capabilities {acceptInsecureCerts: false, browserName: chrome, browserVersion: 87.0.4280.66, chrome: {chromedriverVersion: 86.0.4240.22 (398b0743353ff..., userDataDir: C:\Users\alaed\AppData\Loca...}, goog:chromeOptions: {debuggerAddress: localhost:54029}, javascriptEnabled: true, networkConnectionEnabled: false, pageLoadStrategy: normal, platform: WINDOWS, platformName: WINDOWS, proxy: Proxy(), setWindowRect: true, strictFileInteractability: false, timeouts: {implicit: 0, pageLoad: 300000, script: 30000}, unhandledPromptBehavior: dismiss and notify, webauthn:virtualAuthenticators: true}
Session ID: 089c12c2753d10a3c80a81229dd2fcb9]]>
            </message>
            <full-stacktrace>
              <![CDATA[org.openqa.selenium.ElementClickInterceptedException: element click intercepted: Element <a id="footer_bofa_locations" href="https://locators.bankofamerica.com/">...</a> is not clickable at point (374, 915). Other element would receive the click: <a id="AMT2HXAC" href="https://about.bankofamerica.com/promo/assistance/latest-updates-from-bank-of-america-coronavirus/?cm_sp=EBZ-BAC-Announcement-_-BACAnnouncement-_-AMT2HXAC01_Engagement_Banner_CV_Payments_ShowToAll_EB_cvStimulusHlCta" class="engagement-banner-link">...</a>
  (Session info: chrome=87.0.4280.66)
Build info: version: '3.141.59', revision: 'e82be7d358', time: '2018-11-14T08:17:03'
System info: host: 'LAPTOP-8DAJPHUM', ip: '192.168.0.4', os.name: 'Windows 10', os.arch: 'amd64', os.version: '10.0', java.version: '11.0.8'
Driver info: org.openqa.selenium.chrome.ChromeDriver
Capabilities {acceptInsecureCerts: false, browserName: chrome, browserVersion: 87.0.4280.66, chrome: {chromedriverVersion: 86.0.4240.22 (398b0743353ff..., userDataDir: C:\Users\alaed\AppData\Loca...}, goog:chromeOptions: {debuggerAddress: localhost:54029}, javascriptEnabled: true, networkConnectionEnabled: false, pageLoadStrategy: normal, platform: WINDOWS, platformName: WINDOWS, proxy: Proxy(), setWindowRect: true, strictFileInteractability: false, timeouts: {implicit: 0, pageLoad: 300000, script: 30000}, unhandledPromptBehavior: dismiss and notify, webauthn:virtualAuthenticators: true}
Session ID: 089c12c2753d10a3c80a81229dd2fcb9
at java.base/jdk.internal.reflect.NativeConstructorAccessorImpl.newInstance0(Native Method)
at java.base/jdk.internal.reflect.NativeConstructorAccessorImpl.newInstance(NativeConstructorAccessorImpl.java:62)
at java.base/jdk.internal.reflect.DelegatingConstructorAccessorImpl.newInstance(DelegatingConstructorAccessorImpl.java:45)
at java.base/java.lang.reflect.Constructor.newInstance(Constructor.java:490)
at org.openqa.selenium.remote.http.W3CHttpResponseCodec.createException(W3CHttpResponseCodec.java:187)
at org.openqa.selenium.remote.http.W3CHttpResponseCodec.decode(W3CHttpResponseCodec.java:122)
at org.openqa.selenium.remote.http.W3CHttpResponseCodec.decode(W3CHttpResponseCodec.java:49)
at org.openqa.selenium.remote.HttpCommandExecutor.execute(HttpCommandExecutor.java:158)
at org.openqa.selenium.remote.service.DriverCommandExecutor.execute(DriverCommandExecutor.java:83)
at org.openqa.selenium.remote.RemoteWebDriver.execute(RemoteWebDriver.java:552)
at org.openqa.selenium.remote.RemoteWebElement.execute(RemoteWebElement.java:285)
at org.openqa.selenium.remote.RemoteWebElement.click(RemoteWebElement.java:84)
at jdk.internal.reflect.GeneratedMethodAccessor27.invoke(Unknown Source)
at java.base/jdk.internal.reflect.DelegatingMethodAccessorImpl.invoke(DelegatingMethodAccessorImpl.java:43)
at java.base/java.lang.reflect.Method.invoke(Method.java:566)
at org.openqa.selenium.support.pagefactory.internal.LocatingElementHandler.invoke(LocatingElementHandler.java:51)
at com.sun.proxy.$Proxy14.click(Unknown Source)
at bankofamericamuseum.BOAHmePage.merrillHomePage(BOAHmePage.java:203)
at bancofamericamuseumTest.BOATest.investingMerrillHomePage(BOATest.java:62)
at java.base/jdk.internal.reflect.NativeMethodAccessorImpl.invoke0(Native Method)
at java.base/jdk.internal.reflect.NativeMethodAccessorImpl.invoke(NativeMethodAccessorImpl.java:62)
at java.base/jdk.internal.reflect.DelegatingMethodAccessorImpl.invoke(DelegatingMethodAccessorImpl.java:43)
at java.base/java.lang.reflect.Method.invoke(Method.java:566)
at org.testng.internal.MethodInvocationHelper.invokeMethod(MethodInvocationHelper.java:134)
at org.testng.internal.TestInvoker.invokeMethod(TestInvoker.java:597)
at org.testng.internal.TestInvoker.invokeTestMethod(TestInvoker.java:173)
at org.testng.internal.MethodRunner.runInSequence(MethodRunner.java:46)
at org.testng.internal.TestInvoker$MethodInvocationAgent.invoke(TestInvoker.java:816)
at org.testng.internal.TestInvoker.invokeTestMethods(TestInvoker.java:146)
at org.testng.internal.TestMethodWorker.invokeTestMethods(TestMethodWorker.java:146)
at org.testng.internal.TestMethodWorker.run(TestMethodWorker.java:128)
at java.base/java.util.ArrayList.forEach(ArrayList.java:1541)
at org.testng.TestRunner.privateRun(TestRunner.java:766)
at org.testng.TestRunner.run(TestRunner.java:587)
at org.testng.SuiteRunner.runTest(SuiteRunner.java:384)
at org.testng.SuiteRunner.runSequentially(SuiteRunner.java:378)
at org.testng.SuiteRunner.privateRun(SuiteRunner.java:337)
at org.testng.SuiteRunner.run(SuiteRunner.java:286)
at org.testng.SuiteRunnerWorker.runSuite(SuiteRunnerWorker.java:53)
at org.testng.SuiteRunnerWorker.run(SuiteRunnerWorker.java:96)
at org.testng.TestNG.runSuitesSequentially(TestNG.java:1187)
at org.testng.TestNG.runSuitesLocally(TestNG.java:1109)
at org.testng.TestNG.runSuites(TestNG.java:1039)
at org.testng.TestNG.run(TestNG.java:1007)
at org.apache.maven.surefire.testng.TestNGExecutor.run(TestNGExecutor.java:284)
at org.apache.maven.surefire.testng.TestNGXmlTestSuite.execute(TestNGXmlTestSuite.java:75)
at org.apache.maven.surefire.testng.TestNGProvider.invoke(TestNGProvider.java:119)
at org.apache.maven.surefire.booter.ForkedBooter.runSuitesInProcess(ForkedBooter.java:428)
at org.apache.maven.surefire.booter.ForkedBooter.execute(ForkedBooter.java:162)
at org.apache.maven.surefire.booter.ForkedBooter.run(ForkedBooter.java:562)
at org.apache.maven.surefire.booter.ForkedBooter.main(ForkedBooter.java:548)
]]>
            </full-stacktrace>
          </exception> <!-- org.openqa.selenium.ElementClickInterceptedException -->
          <reporter-output>
          </reporter-output>
        </test-method> <!-- investingMerrillHomePage -->
        <test-method is-config="true" signature="getInit()[pri:0, instance:bancofamericamuseumTest.BOATest@53976f5c]" started-at="2020-12-01T09:14:41 EST" name="getInit" finished-at="2020-12-01T09:14:41 EST" duration-ms="0" status="PASS">
          <reporter-output>
          </reporter-output>
        </test-method> <!-- getInit -->
        <test-method is-config="true" signature="afterEachTestMethod(org.testng.ITestResult)[pri:0, instance:bancofamericamuseumTest.BOATest@53976f5c]" started-at="2020-12-01T09:14:42 EST" name="afterEachTestMethod" finished-at="2020-12-01T09:14:43 EST" duration-ms="1040" status="PASS">
          <params>
            <param index="0">
              <value>
[...]
        <test-method is-config="true" signature="startExtent(java.lang.reflect.Method)[pri:0, instance:bancofamericamuseumTest.BOATest@53976f5c]" started-at="2020-12-01T09:15:14 EST" name="startExtent" finished-at="2020-12-01T09:15:14 EST" duration-ms="0" status="PASS">
          <params>
            <param index="0">
              <value>
                <![CDATA[public void bancofamericamuseumTest.BOATest.openFilterFunctions() throws java.lang.InterruptedException]]>
              </value>
            </param>
          </params>
          <reporter-output>
          </reporter-output>
        </test-method> <!-- startExtent -->
        <test-method signature="openFilterFunctions()[pri:0, instance:bancofamericamuseumTest.BOATest@53976f5c]" started-at="2020-12-01T09:15:14 EST" name="openFilterFunctions" finished-at="2020-12-01T09:15:23 EST" duration-ms="9740" status="PASS">
          <reporter-output>
          </reporter-output>
        </test-method> <!-- openFilterFunctions -->
        <test-method is-config="true" signature="afterEachTestMethod(org.testng.ITestResult)[pri:0, instance:bancofamericamuseumTest.BOATest@53976f5c]" started-at="2020-12-01T09:15:23 EST" name="afterEachTestMethod" finished-at="2020-12-01T09:15:24 EST" duration-ms="620" status="PASS">
          <params>
            <param index="0">
              <value>
                <![CDATA[[TestResult name=openFilterFunctions status=SUCCESS method=BOATest.openFilterFunctions()[pri:0, instance:bancofamericamuseumTest.BOATest@53976f5c] output={null}]]]>
              </value>
            </param>
          </params>
          <reporter-output>
          </reporter-output>
        </test-method> <!-- afterEachTestMethod -->
        <test-method is-config="true" signature="setUp(boolean, java.lang.String, java.lang.String, java.lang.String, java.lang.String, java.lang.String, java.lang.String)[pri:0, instance:bancofamericamuseumTest.BOATest@53976f5c]" started-at="2020-12-01T09:15:24 EST" name="setUp" finished-at="2020-12-01T09:15:34 EST" duration-ms="10112" status="PASS">
          <params>
            <param index="0">
              <value>
                <![CDATA[false]]>
              </value>
            </param>
            <param index="1">
              <value>
                <![CDATA[browserStack]]>
              </value>
            </param>
            <param index="2">
              <value>
                <![CDATA[windows]]>
              </value>
            </param>
            <param index="3">
              <value>
                <![CDATA[10]]>
              </value>
            </param>
            <param index="4">
              <value>
                <![CDATA[chrome]]>
              </value>
            </param>
            <param index="5">
              <value>
                <![CDATA[86]]>
              </value>
            </param>
            <param index="6">
              <value>
                <![CDATA[https://www.bankofamerica.com/]]>
              </value>
            </param>
          </params>
          <reporter-output>
          </reporter-output>
        </test-method> <!-- setUp -->
        <test-method is-config="true" signature="startExtent(java.lang.reflect.Method)[pri:0, instance:bancofamericamuseumTest.BOATest@53976f5c]" started-at="2020-12-01T09:15:34 EST" name="startExtent" finished-at="2020-12-01T09:15:34 EST" duration-ms="1" status="PASS">
          <params>
            <param index="0">
              <value>
                <![CDATA[public void bancofamericamuseumTest.BOATest.personalFinanceFunctions() throws java.lang.InterruptedException]]>
              </value>
            </param>
          </params>
          <reporter-output>
          </reporter-output>
        </test-method> <!-- startExtent -->
        <test-method is-config="true" signature="getInit()[pri:0, instance:bancofamericamuseumTest.BOATest@53976f5c]" started-at="2020-12-01T09:15:34 EST" name="getInit" finished-at="2020-12-01T09:15:34 EST" duration-ms="0" status="PASS">
          <reporter-output>
          </reporter-output>
        </test-method> <!-- getInit -->
        <test-method signature="personalFinanceFunctions()[pri:0, instance:bancofamericamuseumTest.BOATest@53976f5c]" started-at="2020-12-01T09:15:34 EST" name="personalFinanceFunctions" finished-at="2020-12-01T09:16:04 EST" duration-ms="30164" status="PASS">
          <reporter-output>
          </reporter-output>
        </test-method> <!-- personalFinanceFunctions -->
        <test-method is-config="true" signature="afterEachTestMethod(org.testng.ITestResult)[pri:0, instance:bancofamericamuseumTest.BOATest@53976f5c]" started-at="2020-12-01T09:16:04 EST" name="afterEachTestMethod" finished-at="2020-12-01T09:16:05 EST" duration-ms="639" status="PASS">
          <params>
            <param index="0">
              <value>
                <![CDATA[[TestResult name=personalFinanceFunctions status=SUCCESS method=BOATest.personalFinanceFunctions()[pri:0, instance:bancofamericamuseumTest.BOATest@53976f5c] output={null}]]]>
              </value>
            </param>
          </params>
          <reporter-output>
          </reporter-output>
        </test-method> <!-- afterEachTestMethod -->
        <test-method is-config="true" signature="setUp(boolean, java.lang.String, java.lang.String, java.lang.String, java.lang.String, java.lang.String, java.lang.String)[pri:0, instance:bancofamericamuseumTest.BOATest@53976f5c]" started-at="2020-12-01T09:16:05 EST" name="setUp" finished-at="2020-12-01T09:16:25 EST" duration-ms="20422" status="PASS">
          <params>
            <param index="0">
              <value>
                <![CDATA[false]]>
              </value>
            </param>
            <param index="1">
              <value>
                <![CDATA[browserStack]]>
              </value>
            </param>
            <param index="2">
              <value>
                <![CDATA[windows]]>
              </value>
            </param>
            <param index="3">
              <value>
                <![CDATA[10]]>
              </value>
            </param>
            <param index="4">
              <value>
                <![CDATA[chrome]]>
              </value>
            </param>
            <param index="5">
              <value>
                <![CDATA[86]]>
              </value>
            </param>
            <param index="6">
              <value>
                <![CDATA[https://www.bankofamerica.com/]]>
              </value>
            </param>
          </params>
          <reporter-output>
          </reporter-output>
        </test-method> <!-- setUp -->
        <test-method is-config="true" signature="getInit()[pri:0, instance:bancofamericamuseumTest.BOATest@53976f5c]" started-at="2020-12-01T09:16:25 EST" name="getInit" finished-at="2020-12-01T09:16:25 EST" duration-ms="1" status="PASS">
          <reporter-output>
          </reporter-output>
        </test-method> <!-- getInit -->
        <test-method is-config="true" signature="startExtent(java.lang.reflect.Method)[pri:0, instance:bancofamericamuseumTest.BOATest@53976f5c]" started-at="2020-12-01T09:16:25 EST" name="startExtent" finished-at="2020-12-01T09:16:25 EST" duration-ms="0" status="PASS">
          <params>
            <param index="0">
              <value>
                <![CDATA[public void bancofamericamuseumTest.BOATest.sendMessageIntoChatBox() throws java.lang.InterruptedException]]>
              </value>
            </param>
          </params>
          <reporter-output>
          </reporter-output>
        </test-method> <!-- startExtent -->
        <test-method signature="sendMessageIntoChatBox()[pri:0, instance:bancofamericamuseumTest.BOATest@53976f5c]" started-at="2020-12-01T09:16:25 EST" name="sendMessageIntoChatBox" finished-at="2020-12-01T09:16:26 EST" duration-ms="1103" status="FAIL">
          <exception class="org.openqa.selenium.ElementClickInterceptedException">
            <message>
              <![CDATA[element click intercepted: Element <a id="footer_bofa_locations" href="https://locators.bankofamerica.com/">...</a> is not clickable at point (374, 914). Other element would receive the click: <a id="AMT2HXAC" href="https://about.bankofamerica.com/promo/assistance/latest-updates-from-bank-of-america-coronavirus/?cm_sp=EBZ-BAC-Announcement-_-BACAnnouncement-_-AMT2HXAC01_Engagement_Banner_CV_Payments_ShowToAll_EB_cvStimulusHlCta" class="engagement-banner-link">...</a>
  (Session info: chrome=87.0.4280.66)
Build info: version: '3.141.59', revision: 'e82be7d358', time: '2018-11-14T08:17:03'
System info: host: 'LAPTOP-8DAJPHUM', ip: '192.168.0.4', os.name: 'Windows 10', os.arch: 'amd64', os.version: '10.0', java.version: '11.0.8'
Driver info: org.openqa.selenium.chrome.ChromeDriver
Capabilities {acceptInsecureCerts: false, browserName: chrome, browserVersion: 87.0.4280.66, chrome: {chromedriverVersion: 86.0.4240.22 (398b0743353ff..., userDataDir: C:\Users\alaed\AppData\Loca...}, goog:chromeOptions: {debuggerAddress: localhost:54462}, javascriptEnabled: true, networkConnectionEnabled: false, pageLoadStrategy: normal, platform: WINDOWS, platformName: WINDOWS, proxy: Proxy(), setWindowRect: true, strictFileInteractability: false, timeouts: {implicit: 0, pageLoad: 300000, script: 30000}, unhandledPromptBehavior: dismiss and notify, webauthn:virtualAuthenticators: true}
Session ID: 75fccc7394ee6bfcf3b72ee56456b52e]]>
            </message>
            <full-stacktrace>
              <![CDATA[org.openqa.selenium.ElementClickInterceptedException: element click intercepted: Element <a id="footer_bofa_locations" href="https://locators.bankofamerica.com/">...</a> is not clickable at point (374, 914). Other element would receive the click: <a id="AMT2HXAC" href="https://about.bankofamerica.com/promo/assistance/latest-updates-from-bank-of-america-coronavirus/?cm_sp=EBZ-BAC-Announcement-_-BACAnnouncement-_-AMT2HXAC01_Engagement_Banner_CV_Payments_ShowToAll_EB_cvStimulusHlCta" class="engagement-banner-link">...</a>
  (Session info: chrome=87.0.4280.66)
Build info: version: '3.141.59', revision: 'e82be7d358', time: '2018-11-14T08:17:03'
System info: host: 'LAPTOP-8DAJPHUM', ip: '192.168.0.4', os.name: 'Windows 10', os.arch: 'amd64', os.version: '10.0', java.version: '11.0.8'
Driver info: org.openqa.selenium.chrome.ChromeDriver
Capabilities {acceptInsecureCerts: false, browserName: chrome, browserVersion: 87.0.4280.66, chrome: {chromedriverVersion: 86.0.4240.22 (398b0743353ff..., userDataDir: C:\Users\alaed\AppData\Loca...}, goog:chromeOptions: {debuggerAddress: localhost:54462}, javascriptEnabled: true, networkConnectionEnabled: false, pageLoadStrategy: normal, platform: WINDOWS, platformName: WINDOWS, proxy: Proxy(), setWindowRect: true, strictFileInteractability: false, timeouts: {implicit: 0, pageLoad: 300000, script: 30000}, unhandledPromptBehavior: dismiss and notify, webauthn:virtualAuthenticators: true}
Session ID: 75fccc7394ee6bfcf3b72ee56456b52e
at java.base/jdk.internal.reflect.NativeConstructorAccessorImpl.newInstance0(Native Method)
at java.base/jdk.internal.reflect.NativeConstructorAccessorImpl.newInstance(NativeConstructorAccessorImpl.java:62)
at java.base/jdk.internal.reflect.DelegatingConstructorAccessorImpl.newInstance(DelegatingConstructorAccessorImpl.java:45)
at java.base/java.lang.reflect.Constructor.newInstance(Constructor.java:490)
at org.openqa.selenium.remote.http.W3CHttpResponseCodec.createException(W3CHttpResponseCodec.java:187)
at org.openqa.selenium.remote.http.W3CHttpResponseCodec.decode(W3CHttpResponseCodec.java:122)
at org.openqa.selenium.remote.http.W3CHttpResponseCodec.decode(W3CHttpResponseCodec.java:49)
at org.openqa.selenium.remote.HttpCommandExecutor.execute(HttpCommandExecutor.java:158)
at org.openqa.selenium.remote.service.DriverCommandExecutor.execute(DriverCommandExecutor.java:83)
at org.openqa.selenium.remote.RemoteWebDriver.execute(RemoteWebDriver.java:552)
at org.openqa.selenium.remote.RemoteWebElement.execute(RemoteWebElement.java:285)
at org.openqa.selenium.remote.RemoteWebElement.click(RemoteWebElement.java:84)
at jdk.internal.reflect.GeneratedMethodAccessor27.invoke(Unknown Source)
at java.base/jdk.internal.reflect.DelegatingMethodAccessorImpl.invoke(DelegatingMethodAccessorImpl.java:43)
at java.base/java.lang.reflect.Method.invoke(Method.java:566)
at org.openqa.selenium.support.pagefactory.internal.LocatingElementHandler.invoke(LocatingElementHandler.java:51)
at com.sun.proxy.$Proxy14.click(Unknown Source)
at bankofamericamuseum.BOAHmePage.ButtonMessageBoxElements(BOAHmePage.java:262)
at bancofamericamuseumTest.BOATest.sendMessageIntoChatBox(BOATest.java:82)
at java.base/jdk.internal.reflect.NativeMethodAccessorImpl.invoke0(Native Method)
at java.base/jdk.internal.reflect.NativeMethodAccessorImpl.invoke(NativeMethodAccessorImpl.java:62)
at java.base/jdk.internal.reflect.DelegatingMethodAccessorImpl.invoke(DelegatingMethodAccessorImpl.java:43)
at java.base/java.lang.reflect.Method.invoke(Method.java:566)
at org.testng.internal.MethodInvocationHelper.invokeMethod(MethodInvocationHelper.java:134)
at org.testng.internal.TestInvoker.invokeMethod(TestInvoker.java:597)
at org.testng.internal.TestInvoker.invokeTestMethod(TestInvoker.java:173)
at org.testng.internal.MethodRunner.runInSequence(MethodRunner.java:46)
at org.testng.internal.TestInvoker$MethodInvocationAgent.invoke(TestInvoker.java:816)
at org.testng.internal.TestInvoker.invokeTestMethods(TestInvoker.java:146)
at org.testng.internal.TestMethodWorker.invokeTestMethods(TestMethodWorker.java:146)
at org.testng.internal.TestMethodWorker.run(TestMethodWorker.java:128)
at java.base/java.util.ArrayList.forEach(ArrayList.java:1541)
at org.testng.TestRunner.privateRun(TestRunner.java:766)
at org.testng.TestRunner.run(TestRunner.java:587)
at org.testng.SuiteRunner.runTest(SuiteRunner.java:384)
at org.testng.SuiteRunner.runSequentially(SuiteRunner.java:378)
at org.testng.SuiteRunner.privateRun(SuiteRunner.java:337)
at org.testng.SuiteRunner.run(SuiteRunner.java:286)
at org.testng.SuiteRunnerWorker.runSuite(SuiteRunnerWorker.java:53)
at org.testng.SuiteRunnerWorker.run(SuiteRunnerWorker.java:96)
at org.testng.TestNG.runSuitesSequentially(TestNG.java:1187)
at org.testng.TestNG.runSuitesLocally(TestNG.java:1109)
at org.testng.TestNG.runSuites(TestNG.java:1039)
at org.testng.TestNG.run(TestNG.java:1007)
at org.apache.maven.surefire.testng.TestNGExecutor.run(TestNGExecutor.java:284)
at org.apache.maven.surefire.testng.TestNGXmlTestSuite.execute(TestNGXmlTestSuite.java:75)
at org.apache.maven.surefire.testng.TestNGProvider.invoke(TestNGProvider.java:119)
at org.apache.maven.surefire.booter.ForkedBooter.runSuitesInProcess(ForkedBooter.java:428)
at org.apache.maven.surefire.booter.ForkedBooter.execute(ForkedBooter.java:162)
at org.apache.maven.surefire.booter.ForkedBooter.run(ForkedBooter.java:562)
at org.apache.maven.surefire.booter.ForkedBooter.main(ForkedBooter.java:548)
]]>
            </full-stacktrace>
          </exception> <!-- org.openqa.selenium.ElementClickInterceptedException -->
          <reporter-output>
          </reporter-output>
        </test-method> <!-- sendMessageIntoChatBox -->
        <test-method is-config="true" signature="afterEachTestMethod(org.testng.ITestResult)[pri:0, instance:bancofamericamuseumTest.BOATest@53976f5c]" started-at="2020-12-01T09:16:26 EST" name="afterEachTestMethod" finished-at="2020-12-01T09:16:27 EST" duration-ms="1009" status="PASS">
          <params>
            <param index="0">
              <value>
                <![CDATA[[TestResult name=sendMessageIntoChatBox status=FAILURE method=BOATest.sendMessageIntoChatBox()[pri:0, instance:bancofamericamuseumTest.BOATest@53976f5c] output={null}]]]>
              </value>
            </param>
          </params>
          <reporter-output>
          </reporter-output>
        </test-method> <!-- afterEachTestMethod -->
        <test-method is-config="true" signature="setUp(boolean, java.lang.String, java.lang.String, java.lang.String, java.lang.String, java.lang.String, java.lang.String)[pri:0, instance:bancofamericamuseumTest.BOATest@53976f5c]" started-at="2020-12-01T09:16:27 EST" name="setUp" finished-at="2020-12-01T09:16:37 EST" duration-ms="9555" status="PASS">
          <params>
            <param index="0">
              <value>
                <![CDATA[false]]>
              </value>
            </param>
            <param index="1">
              <value>
                <![CDATA[browserStack]]>
              </value>
            </param>
            <param index="2">
              <value>
                <![CDATA[windows]]>
              </value>
            </param>
            <param index="3">
              <value>
                <![CDATA[10]]>
              </value>
            </param>
            <param index="4">
              <value>
                <![CDATA[chrome]]>
              </value>
            </param>
            <param index="5">
              <value>
                <![CDATA[86]]>
              </value>
            </param>
            <param index="6">
              <value>
                <![CDATA[https://www.bankofamerica.com/]]>
              </value>
            </param>
          </params>
          <reporter-output>
          </reporter-output>
        </test-method> <!-- setUp -->
        <test-method is-config="true" signature="startExtent(java.lang.reflect.Method)[pri:0, instance:bancofamericamuseumTest.BOATest@53976f5c]" started-at="2020-12-01T09:16:37 EST" name="startExtent" finished-at="2020-12-01T09:16:37 EST" duration-ms="1" status="PASS">
          <params>
            <param index="0">
              <value>
                <![CDATA[public void bancofamericamuseumTest.BOATest.validateTheLocationInMap() throws java.lang.InterruptedException]]>
              </value>
            </param>
          </params>
          <reporter-output>
          </reporter-output>
        </test-method> <!-- startExtent -->
        <test-method signature="validateTheLocationInMap()[pri:0, instance:bancofamericamuseumTest.BOATest@53976f5c]" started-at="2020-12-01T09:16:37 EST" name="validateTheLocationInMap" finished-at="2020-12-01T09:16:53 EST" duration-ms="16514" status="PASS">
          <reporter-output>
          </reporter-output>
        </test-method> <!-- validateTheLocationInMap -->
        <test-method is-config="true" signature="getInit()[pri:0, instance:bancofamericamuseumTest.BOATest@53976f5c]" started-at="2020-12-01T09:16:37 EST" name="getInit" finished-at="2020-12-01T09:16:37 EST" duration-ms="0" status="PASS">
          <reporter-output>
          </reporter-output>
        </test-method> <!-- getInit -->
        <test-method is-config="true" signature="afterEachTestMethod(org.testng.ITestResult)[pri:0, instance:bancofamericamuseumTest.BOATest@53976f5c]" started-at="2020-12-01T09:16:53 EST" name="afterEachTestMethod" finished-at="2020-12-01T09:16:54 EST" duration-ms="631" status="PASS">
          <params>
            <param index="0">
              <value>
                <![CDATA[[TestResult name=validateTheLocationInMap status=SUCCESS method=BOATest.validateTheLocationInMap()[pri:0, instance:bancofamericamuseumTest.BOATest@53976f5c] output={null}]]]>
              </value>
            </param>
          </params>
          <reporter-output>
          </reporter-output>
        </test-method> <!-- afterEachTestMethod -->
        <test-method is-config="true" signature="generateReport()[pri:0, instance:bancofamericamuseumTest.BOATest@53976f5c]" started-at="2020-12-01T09:16:54 EST" name="generateReport" finished-at="2020-12-01T09:16:54 EST" duration-ms="20" status="PASS">
          <reporter-output>
          </reporter-output>
        </test-method> <!-- generateReport -->
      </class> <!-- bancofamericamuseumTest.BOATest -->
    </test> <!-- Bank Of America Location Test -->
  </suite> <!-- TestSuit -->
</testng-results>
