<?xml version="1.0" encoding="UTF-8"?>
<testsuite xmlns:xsi="http://www.w3.org/2001/XMLSchema-instance" xsi:noNamespaceSchemaLocation="https://maven.apache.org/surefire/maven-surefire-plugin/xsd/surefire-test-report-3.0.xsd" version="3.0" name="TestSuite" time="456.12" tests="16" errors="0" skipped="0" failures="8">
  <properties>
[...]
</properties>
  <testcase name="BOAHomePage" classname="bancofamericamuseumTest.BOATest" time="0.034">
    <system-out><![CDATA[Extent Report DirectoryC:\Users\alaed\IdeaProjects\WebAutomation_Team2\BankOfAmerica\target\surefire-reports\html
]]></system-out>
    <system-err><![CDATA[Starting ChromeDriver 86.0.4240.22 (398b0743353ff36fb1b82468f63a3a93b4e2e89e-refs/branch-heads/4240@{#378}) on port 13149
Only local connections are allowed.
Please see https://chromedriver.chromium.org/security-considerations for suggestions on keeping ChromeDriver safe.
ChromeDriver was started successfully.
[1606831761.128][WARNING]: This version of ChromeDriver has not been tested with Chrome version 87.
Dec 01, 2020 9:09:23 AM org.openqa.selenium.remote.ProtocolHandshake createSession
INFO: Detected dialect: W3C
]]></system-err>
  </testcase>
  <testcase name="LocationByFilters" classname="bancofamericamuseumTest.BOATest" time="1.066">
    <failure message="element click intercepted: Element &lt;a id=&quot;footer_bofa_locations&quot; href=&quot;https://locators.bankofamerica.com/&quot;&gt;...&lt;/a&gt; is not clickable at point (110, 922). Other element would receive the click: &lt;a id=&quot;AMT2HXAC&quot; href=&quot;https://about.bankofamerica.com/promo/assistance/latest-updates-from-bank-of-america-coronavirus/?cm_sp=EBZ-BAC-Announcement-_-BACAnnouncement-_-AMT2HXAC01_Engagement_Banner_CV_Payments_ShowToAll_EB_cvStimulusHlCta&quot; class=&quot;engagement-banner-link&quot;&gt;...&lt;/a&gt;&#10;  (Session info: chrome=87.0.4280.66)&#10;Build info: version: &apos;3.141.59&apos;, revision: &apos;e82be7d358&apos;, time: &apos;2018-11-14T08:17:03&apos;&#10;System info: host: &apos;LAPTOP-8DAJPHUM&apos;, ip: &apos;192.168.0.4&apos;, os.name: &apos;Windows 10&apos;, os.arch: &apos;amd64&apos;, os.version: &apos;10.0&apos;, java.version: &apos;11.0.8&apos;&#10;Driver info: org.openqa.selenium.chrome.ChromeDriver&#10;Capabilities {acceptInsecureCerts: false, browserName: chrome, browserVersion: 87.0.4280.66, chrome: {chromedriverVersion: 86.0.4240.22 (398b0743353ff..., userDataDir: C:\Users\alaed\AppData\Loca...}, goog:chromeOptions: {debuggerAddress: localhost:52917}, javascriptEnabled: true, networkConnectionEnabled: false, pageLoadStrategy: normal, platform: WINDOWS, platformName: WINDOWS, proxy: Proxy(), setWindowRect: true, strictFileInteractability: false, timeouts: {implicit: 0, pageLoad: 300000, script: 30000}, unhandledPromptBehavior: dismiss and notify, webauthn:virtualAuthenticators: true}&#10;Session ID: 3b1156899b3b1314f4ae62beaf0303ec" type="org.openqa.selenium.ElementClickInterceptedException"><![CDATA[org.openqa.selenium.ElementClickInterceptedException: 
element click intercepted: Element <a id="footer_bofa_locations" href="https://locators.bankofamerica.com/">...</a> is not clickable at point (110, 922). Other element would receive the click: <a id="AMT2HXAC" href="https://about.bankofamerica.com/promo/assistance/latest-updates-from-bank-of-america-coronavirus/?cm_sp=EBZ-BAC-Announcement-_-BACAnnouncement-_-AMT2HXAC01_Engagement_Banner_CV_Payments_ShowToAll_EB_cvStimulusHlCta" class="engagement-banner-link">...</a>
  (Session info: chrome=87.0.4280.66)
Build info: version: '3.141.59', revision: 'e82be7d358', time: '2018-11-14T08:17:03'
System info: host: 'LAPTOP-8DAJPHUM', ip: '192.168.0.4', os.name: 'Windows 10', os.arch: 'amd64', os.version: '10.0', java.version: '11.0.8'
Driver info: org.openqa.selenium.chrome.ChromeDriver
Capabilities {acceptInsecureCerts: false, browserName: chrome, browserVersion: 87.0.4280.66, chrome: {chromedriverVersion: 86.0.4240.22 (398b0743353ff..., userDataDir: C:\Users\alaed\AppData\Loca...}, goog:chromeOptions: {debuggerAddress: localhost:52917}, javascriptEnabled: true, networkConnectionEnabled: false, pageLoadStrategy: normal, platform: WINDOWS, platformName: WINDOWS, proxy: Proxy(), setWindowRect: true, strictFileInteractability: false, timeouts: {implicit: 0, pageLoad: 300000, script: 30000}, unhandledPromptBehavior: dismiss and notify, webauthn:virtualAuthenticators: true}
Session ID: 3b1156899b3b1314f4ae62beaf0303ec
	at bancofamericamuseumTest.BOATest.LocationByFilters(BOATest.java:57)
]]></failure>
    <system-err><![CDATA[Starting ChromeDriver 86.0.4240.22 (398b0743353ff36fb1b82468f63a3a93b4e2e89e-refs/branch-heads/4240@{#378}) on port 38746
Only local connections are allowed.
Please see https://chromedriver.chromium.org/security-considerations for suggestions on keeping ChromeDriver safe.
ChromeDriver was started successfully.
[1606831775.452][WARNING]: This version of ChromeDriver has not been tested with Chrome version 87.
Dec 01, 2020 9:09:37 AM org.openqa.selenium.remote.ProtocolHandshake createSession
INFO: Detected dialect: W3C
]]></system-err>
  </testcase>
  <testcase name="LocationPage" classname="bancofamericamuseumTest.BOATest" time="1.082">
    <failure message="element click intercepted: Element &lt;a id=&quot;footer_bofa_locations&quot; href=&quot;https://locators.bankofamerica.com/&quot;&gt;...&lt;/a&gt; is not clickable at point (110, 922). Other element would receive the click: &lt;a id=&quot;AMT2HXAC&quot; href=&quot;https://about.bankofamerica.com/promo/assistance/latest-updates-from-bank-of-america-coronavirus/?cm_sp=EBZ-BAC-Announcement-_-BACAnnouncement-_-AMT2HXAC01_Engagement_Banner_CV_Payments_ShowToAll_EB_cvStimulusHlCta&quot; class=&quot;engagement-banner-link&quot;&gt;...&lt;/a&gt;&#10;  (Session info: chrome=87.0.4280.66)&#10;Build info: version: &apos;3.141.59&apos;, revision: &apos;e82be7d358&apos;, time: &apos;2018-11-14T08:17:03&apos;&#10;System info: host: &apos;LAPTOP-8DAJPHUM&apos;, ip: &apos;192.168.0.4&apos;, os.name: &apos;Windows 10&apos;, os.arch: &apos;amd64&apos;, os.version: &apos;10.0&apos;, java.version: &apos;11.0.8&apos;&#10;Driver info: org.openqa.selenium.chrome.ChromeDriver&#10;Capabilities {acceptInsecureCerts: false, browserName: chrome, browserVersion: 87.0.4280.66, chrome: {chromedriverVersion: 86.0.4240.22 (398b0743353ff..., userDataDir: C:\Users\alaed\AppData\Loca...}, goog:chromeOptions: {debuggerAddress: localhost:52964}, javascriptEnabled: true, networkConnectionEnabled: false, pageLoadStrategy: normal, platform: WINDOWS, platformName: WINDOWS, proxy: Proxy(), setWindowRect: true, strictFileInteractability: false, timeouts: {implicit: 0, pageLoad: 300000, script: 30000}, unhandledPromptBehavior: dismiss and notify, webauthn:virtualAuthenticators: true}&#10;Session ID: 4c0ccf94f9a4ac493e503cc845432c2d" type="org.openqa.selenium.ElementClickInterceptedException"><![CDATA[org.openqa.selenium.ElementClickInterceptedException: 
element click intercepted: Element <a id="footer_bofa_locations" href="https://locators.bankofamerica.com/">...</a> is not clickable at point (110, 922). Other element would receive the click: <a id="AMT2HXAC" href="https://about.bankofamerica.com/promo/assistance/latest-updates-from-bank-of-america-coronavirus/?cm_sp=EBZ-BAC-Announcement-_-BACAnnouncement-_-AMT2HXAC01_Engagement_Banner_CV_Payments_ShowToAll_EB_cvStimulusHlCta" class="engagement-banner-link">...</a>
  (Session info: chrome=87.0.4280.66)
Build info: version: '3.141.59', revision: 'e82be7d358', time: '2018-11-14T08:17:03'
System info: host: 'LAPTOP-8DAJPHUM', ip: '192.168.0.4', os.name: 'Windows 10', os.arch: 'amd64', os.version: '10.0', java.version: '11.0.8'
Driver info: org.openqa.selenium.chrome.ChromeDriver
Capabilities {acceptInsecureCerts: false, browserName: chrome, browserVersion: 87.0.4280.66, chrome: {chromedriverVersion: 86.0.4240.22 (398b0743353ff..., userDataDir: C:\Users\alaed\AppData\Loca...}, goog:chromeOptions: {debuggerAddress: localhost:52964}, javascriptEnabled: true, networkConnectionEnabled: false, pageLoadStrategy: normal, platform: WINDOWS, platformName: WINDOWS, proxy: Proxy(), setWindowRect: true, strictFileInteractability: false, timeouts: {implicit: 0, pageLoad: 300000, script: 30000}, unhandledPromptBehavior: dismiss and notify, webauthn:virtualAuthenticators: true}
Session ID: 4c0ccf94f9a4ac493e503cc845432c2d
	at bancofamericamuseumTest.BOATest.LocationPage(BOATest.java:21)
]]></failure>
    <system-out><![CDATA[Screenshot captured
]]></system-out>
    <system-err><![CDATA[Starting ChromeDriver 86.0.4240.22 (398b0743353ff36fb1b82468f63a3a93b4e2e89e-refs/branch-heads/4240@{#378}) on port 9678
Only local connections are allowed.
Please see https://chromedriver.chromium.org/security-considerations for suggestions on keeping ChromeDriver safe.
ChromeDriver was started successfully.
[1606831784.264][WARNING]: This version of ChromeDriver has not been tested with Chrome version 87.
Dec 01, 2020 9:09:46 AM org.openqa.selenium.remote.ProtocolHandshake createSession
INFO: Detected dialect: W3C
]]></system-err>
  </testcase>
  <testcase name="PlayReinventingVideoMerrill" classname="bancofamericamuseumTest.BOATest" time="24.184">
    <system-out><![CDATA[Screenshot captured
]]></system-out>
    <system-err><![CDATA[[1606831800.542][SEVERE]: Timed out receiving message from renderer: 10.000
[1606831800.543][WARNING]: screenshot failed, retrying timeout: Timed out receiving message from renderer: 10.000
[1606831810.543][SEVERE]: Timed out receiving message from renderer: 10.000
Starting ChromeDriver 86.0.4240.22 (398b0743353ff36fb1b82468f63a3a93b4e2e89e-refs/branch-heads/4240@{#378}) on port 3277
Only local connections are allowed.
Please see https://chromedriver.chromium.org/security-considerations for suggestions on keeping ChromeDriver safe.
ChromeDriver was started successfully.
[1606831816.021][WARNING]: This version of ChromeDriver has not been tested with Chrome version 87.
Dec 01, 2020 9:10:18 AM org.openqa.selenium.remote.ProtocolHandshake createSession
INFO: Detected dialect: W3C
]]></system-err>
  </testcase>
  <testcase name="SearchBox" classname="bancofamericamuseumTest.BOATest" time="8.23">
    <system-err><![CDATA[Starting ChromeDriver 86.0.4240.22 (398b0743353ff36fb1b82468f63a3a93b4e2e89e-refs/branch-heads/4240@{#378}) on port 23635
Only local connections are allowed.
Please see https://chromedriver.chromium.org/security-considerations for suggestions on keeping ChromeDriver safe.
ChromeDriver was started successfully.
[1606831849.986][WARNING]: This version of ChromeDriver has not been tested with Chrome version 87.
Dec 01, 2020 9:10:52 AM org.openqa.selenium.remote.ProtocolHandshake createSession
INFO: Detected dialect: W3C
]]></system-err>
  </testcase>
  <testcase name="calculateCostDeptFunctions" classname="bancofamericamuseumTest.BOATest" time="45.963">
    <failure message="Expected condition failed: waiting for element to be clickable: By.xpath: //*[@id=&quot;top&quot;]/div/div[1]/div/div[2] (tried for 15 second(s) with 500 milliseconds interval)" type="org.openqa.selenium.TimeoutException"><![CDATA[org.openqa.selenium.TimeoutException: Expected condition failed: waiting for element to be clickable: By.xpath: //*[@id="top"]/div/div[1]/div/div[2] (tried for 15 second(s) with 500 milliseconds interval)
	at bancofamericamuseumTest.BOATest.calculateCostDeptFunctions(BOATest.java:92)
Caused by: org.openqa.selenium.NoSuchElementException: 
no such element: Unable to locate element: {"method":"xpath","selector":"//*[@id="top"]/div/div[1]/div/div[2]"}
  (Session info: chrome=87.0.4280.66)
For documentation on this error, please visit: https://www.seleniumhq.org/exceptions/no_such_element.html
Build info: version: '3.141.59', revision: 'e82be7d358', time: '2018-11-14T08:17:03'
System info: host: 'LAPTOP-8DAJPHUM', ip: '192.168.0.4', os.name: 'Windows 10', os.arch: 'amd64', os.version: '10.0', java.version: '11.0.8'
Driver info: org.openqa.selenium.chrome.ChromeDriver
Capabilities {acceptInsecureCerts: false, browserName: chrome, browserVersion: 87.0.4280.66, chrome: {chromedriverVersion: 86.0.4240.22 (398b0743353ff..., userDataDir: C:\Users\alaed\AppData\Loca...}, goog:chromeOptions: {debuggerAddress: localhost:53386}, javascriptEnabled: true, networkConnectionEnabled: false, pageLoadStrategy: normal, platform: WINDOWS, platformName: WINDOWS, proxy: Proxy(), setWindowRect: true, strictFileInteractability: false, timeouts: {implicit: 0, pageLoad: 300000, script: 30000}, unhandledPromptBehavior: dismiss and notify, webauthn:virtualAuthenticators: true}
Session ID: b1ff414b296f75018f731537a897150a
*** Element info: {Using=xpath, value=//*[@id="top"]/div/div[1]/div/div[2]}
	at bancofamericamuseumTest.BOATest.calculateCostDeptFunctions(BOATest.java:92)
]]></failure>
    <system-err><![CDATA[Starting ChromeDriver 86.0.4240.22 (398b0743353ff36fb1b82468f63a3a93b4e2e89e-refs/branch-heads/4240@{#378}) on port 47230
Only local connections are allowed.
Please see https://chromedriver.chromium.org/security-considerations for suggestions on keeping ChromeDriver safe.
ChromeDriver was started successfully.
[1606831867.942][WARNING]: This version of ChromeDriver has not been tested with Chrome version 87.
Dec 01, 2020 9:11:09 AM org.openqa.selenium.remote.ProtocolHandshake createSession
INFO: Detected dialect: W3C
]]></system-err>
  </testcase>
  <testcase name="chatBoxFunction" classname="bancofamericamuseumTest.BOATest" time="29.195">
    <failure message="Expected condition failed: waiting for visibility of element located by By.xpath: //*[@id=&apos;chatWidgetModule&apos;]/button[1] (tried for 8 second(s) with 500 milliseconds interval)&#10;Build info: version: &apos;3.141.59&apos;, revision: &apos;e82be7d358&apos;, time: &apos;2018-11-14T08:17:03&apos;&#10;System info: host: &apos;LAPTOP-8DAJPHUM&apos;, ip: &apos;192.168.0.4&apos;, os.name: &apos;Windows 10&apos;, os.arch: &apos;amd64&apos;, os.version: &apos;10.0&apos;, java.version: &apos;11.0.8&apos;&#10;Driver info: org.openqa.selenium.chrome.ChromeDriver&#10;Capabilities {acceptInsecureCerts: false, browserName: chrome, browserVersion: 87.0.4280.66, chrome: {chromedriverVersion: 86.0.4240.22 (398b0743353ff..., userDataDir: C:\Users\alaed\AppData\Loca...}, goog:chromeOptions: {debuggerAddress: localhost:53587}, javascriptEnabled: true, networkConnectionEnabled: false, pageLoadStrategy: normal, platform: WINDOWS, platformName: WINDOWS, proxy: Proxy(), setWindowRect: true, strictFileInteractability: false, timeouts: {implicit: 0, pageLoad: 300000, script: 30000}, unhandledPromptBehavior: dismiss and notify, webauthn:virtualAuthenticators: true}&#10;Session ID: bfc51616a5290bf75023b61edc5b0553" type="org.openqa.selenium.TimeoutException"><![CDATA[org.openqa.selenium.TimeoutException: 
Expected condition failed: waiting for visibility of element located by By.xpath: //*[@id='chatWidgetModule']/button[1] (tried for 8 second(s) with 500 milliseconds interval)
Build info: version: '3.141.59', revision: 'e82be7d358', time: '2018-11-14T08:17:03'
System info: host: 'LAPTOP-8DAJPHUM', ip: '192.168.0.4', os.name: 'Windows 10', os.arch: 'amd64', os.version: '10.0', java.version: '11.0.8'
Driver info: org.openqa.selenium.chrome.ChromeDriver
Capabilities {acceptInsecureCerts: false, browserName: chrome, browserVersion: 87.0.4280.66, chrome: {chromedriverVersion: 86.0.4240.22 (398b0743353ff..., userDataDir: C:\Users\alaed\AppData\Loca...}, goog:chromeOptions: {debuggerAddress: localhost:53587}, javascriptEnabled: true, networkConnectionEnabled: false, pageLoadStrategy: normal, platform: WINDOWS, platformName: WINDOWS, proxy: Proxy(), setWindowRect: true, strictFileInteractability: false, timeouts: {implicit: 0, pageLoad: 300000, script: 30000}, unhandledPromptBehavior: dismiss and notify, webauthn:virtualAuthenticators: true}
Session ID: bfc51616a5290bf75023b61edc5b0553
	at bancofamericamuseumTest.BOATest.chatBoxFunction(BOATest.java:77)
]]></failure>
    <system-out><![CDATA[Screenshot captured
]]></system-out>
    <system-err><![CDATA[Starting ChromeDriver 86.0.4240.22 (398b0743353ff36fb1b82468f63a3a93b4e2e89e-refs/branch-heads/4240@{#378}) on port 5944
Only local connections are allowed.
Please see https://chromedriver.chromium.org/security-considerations for suggestions on keeping ChromeDriver safe.
ChromeDriver was started successfully.
[1606831927.583][WARNING]: This version of ChromeDriver has not been tested with Chrome version 87.
Dec 01, 2020 9:12:09 AM org.openqa.selenium.remote.ProtocolHandshake createSession
INFO: Detected dialect: W3C
]]></system-err>
  </testcase>
  <testcase name="checkNearMeButtonMap" classname="bancofamericamuseumTest.BOATest" time="7.845">
    <system-out><![CDATA[Screenshot captured
]]></system-out>
    <system-err><![CDATA[Starting ChromeDriver 86.0.4240.22 (398b0743353ff36fb1b82468f63a3a93b4e2e89e-refs/branch-heads/4240@{#378}) on port 19074
Only local connections are allowed.
Please see https://chromedriver.chromium.org/security-considerations for suggestions on keeping ChromeDriver safe.
ChromeDriver was started successfully.
[1606831965.736][WARNING]: This version of ChromeDriver has not been tested with Chrome version 87.
Dec 01, 2020 9:12:47 AM org.openqa.selenium.remote.ProtocolHandshake createSession
INFO: Detected dialect: W3C
]]></system-err>
  </testcase>
  <testcase name="closeFilterFunctions" classname="bancofamericamuseumTest.BOATest" time="1.096">
    <failure message="element click intercepted: Element &lt;a id=&quot;footer_bofa_locations&quot; href=&quot;https://locators.bankofamerica.com/&quot;&gt;...&lt;/a&gt; is not clickable at point (374, 913). Other element would receive the click: &lt;a id=&quot;AMT2HXAC&quot; href=&quot;https://about.bankofamerica.com/promo/assistance/latest-updates-from-bank-of-america-coronavirus/?cm_sp=EBZ-BAC-Announcement-_-BACAnnouncement-_-AMT2HXAC01_Engagement_Banner_CV_Payments_ShowToAll_EB_cvStimulusHlCta&quot; class=&quot;engagement-banner-link&quot;&gt;...&lt;/a&gt;&#10;  (Session info: chrome=87.0.4280.66)&#10;Build info: version: &apos;3.141.59&apos;, revision: &apos;e82be7d358&apos;, time: &apos;2018-11-14T08:17:03&apos;&#10;System info: host: &apos;LAPTOP-8DAJPHUM&apos;, ip: &apos;192.168.0.4&apos;, os.name: &apos;Windows 10&apos;, os.arch: &apos;amd64&apos;, os.version: &apos;10.0&apos;, java.version: &apos;11.0.8&apos;&#10;Driver info: org.openqa.selenium.chrome.ChromeDriver&#10;Capabilities {acceptInsecureCerts: false, browserName: chrome, browserVersion: 87.0.4280.66, chrome: {chromedriverVersion: 86.0.4240.22 (398b0743353ff..., userDataDir: C:\Users\alaed\AppData\Loca...}, goog:chromeOptions: {debuggerAddress: localhost:53834}, javascriptEnabled: true, networkConnectionEnabled: false, pageLoadStrategy: normal, platform: WINDOWS, platformName: WINDOWS, proxy: Proxy(), setWindowRect: true, strictFileInteractability: false, timeouts: {implicit: 0, pageLoad: 300000, script: 30000}, unhandledPromptBehavior: dismiss and notify, webauthn:virtualAuthenticators: true}&#10;Session ID: f2acf5f6b8f35879364e1bda6d75c41c" type="org.openqa.selenium.ElementClickInterceptedException"><![CDATA[org.openqa.selenium.ElementClickInterceptedException: 
element click intercepted: Element <a id="footer_bofa_locations" href="https://locators.bankofamerica.com/">...</a> is not clickable at point (374, 913). Other element would receive the click: <a id="AMT2HXAC" href="https://about.bankofamerica.com/promo/assistance/latest-updates-from-bank-of-america-coronavirus/?cm_sp=EBZ-BAC-Announcement-_-BACAnnouncement-_-AMT2HXAC01_Engagement_Banner_CV_Payments_ShowToAll_EB_cvStimulusHlCta" class="engagement-banner-link">...</a>
  (Session info: chrome=87.0.4280.66)
Build info: version: '3.141.59', revision: 'e82be7d358', time: '2018-11-14T08:17:03'
System info: host: 'LAPTOP-8DAJPHUM', ip: '192.168.0.4', os.name: 'Windows 10', os.arch: 'amd64', os.version: '10.0', java.version: '11.0.8'
Driver info: org.openqa.selenium.chrome.ChromeDriver
Capabilities {acceptInsecureCerts: false, browserName: chrome, browserVersion: 87.0.4280.66, chrome: {chromedriverVersion: 86.0.4240.22 (398b0743353ff..., userDataDir: C:\Users\alaed\AppData\Loca...}, goog:chromeOptions: {debuggerAddress: localhost:53834}, javascriptEnabled: true, networkConnectionEnabled: false, pageLoadStrategy: normal, platform: WINDOWS, platformName: WINDOWS, proxy: Proxy(), setWindowRect: true, strictFileInteractability: false, timeouts: {implicit: 0, pageLoad: 300000, script: 30000}, unhandledPromptBehavior: dismiss and notify, webauthn:virtualAuthenticators: true}
Session ID: f2acf5f6b8f35879364e1bda6d75c41c
	at bancofamericamuseumTest.BOATest.closeFilterFunctions(BOATest.java:33)
]]></failure>
    <system-err><![CDATA[Starting ChromeDriver 86.0.4240.22 (398b0743353ff36fb1b82468f63a3a93b4e2e89e-refs/branch-heads/4240@{#378}) on port 2675
Only local connections are allowed.
Please see https://chromedriver.chromium.org/security-considerations for suggestions on keeping ChromeDriver safe.
ChromeDriver was started successfully.
[1606831985.382][WARNING]: This version of ChromeDriver has not been tested with Chrome version 87.
Dec 01, 2020 9:13:07 AM org.openqa.selenium.remote.ProtocolHandshake createSession
INFO: Detected dialect: W3C
]]></system-err>
  </testcase>
  <testcase name="findLocationByState" classname="bancofamericamuseumTest.BOATest" time="11.635">
    <system-out><![CDATA[Screenshot captured
]]></system-out>
    <system-err><![CDATA[[1606832002.738][SEVERE]: Timed out receiving message from renderer: 10.000
[1606832002.738][WARNING]: screenshot failed, retrying timeout: Timed out receiving message from renderer: 10.000
[1606832012.739][SEVERE]: Timed out receiving message from renderer: 10.000
[1606832022.743][SEVERE]: Timed out receiving message from renderer: 10.000
[1606832022.743][WARNING]: screenshot failed, retrying timeout: Timed out receiving message from renderer: 10.000
[1606832032.743][SEVERE]: Timed out receiving message from renderer: 10.000
[1606832042.747][SEVERE]: Timed out receiving message from renderer: 10.000
[1606832042.747][WARNING]: screenshot failed, retrying timeout: Timed out receiving message from renderer: 10.000
Starting ChromeDriver 86.0.4240.22 (398b0743353ff36fb1b82468f63a3a93b4e2e89e-refs/branch-heads/4240@{#378}) on port 31325
Only local connections are allowed.
Please see https://chromedriver.chromium.org/security-considerations for suggestions on keeping ChromeDriver safe.
ChromeDriver was started successfully.
[1606832044.866][WARNING]: This version of ChromeDriver has not been tested with Chrome version 87.
Dec 01, 2020 9:14:06 AM org.openqa.selenium.remote.ProtocolHandshake createSession
INFO: Detected dialect: W3C
]]></system-err>
  </testcase>
  <testcase name="investingMerrillHomePage" classname="bancofamericamuseumTest.BOATest" time="1.061">
    <failure message="element click intercepted: Element &lt;a id=&quot;footer_bofa_locations&quot; href=&quot;https://locators.bankofamerica.com/&quot;&gt;...&lt;/a&gt; is not clickable at point (374, 915). Other element would receive the click: &lt;a id=&quot;AMT2HXAC&quot; href=&quot;https://about.bankofamerica.com/promo/assistance/latest-updates-from-bank-of-america-coronavirus/?cm_sp=EBZ-BAC-Announcement-_-BACAnnouncement-_-AMT2HXAC01_Engagement_Banner_CV_Payments_ShowToAll_EB_cvStimulusHlCta&quot; class=&quot;engagement-banner-link&quot;&gt;...&lt;/a&gt;&#10;  (Session info: chrome=87.0.4280.66)&#10;Build info: version: &apos;3.141.59&apos;, revision: &apos;e82be7d358&apos;, time: &apos;2018-11-14T08:17:03&apos;&#10;System info: host: &apos;LAPTOP-8DAJPHUM&apos;, ip: &apos;192.168.0.4&apos;, os.name: &apos;Windows 10&apos;, os.arch: &apos;amd64&apos;, os.version: &apos;10.0&apos;, java.version: &apos;11.0.8&apos;&#10;Driver info: org.openqa.selenium.chrome.ChromeDriver&#10;Capabilities {acceptInsecureCerts: false, browserName: chrome, browserVersion: 87.0.4280.66, chrome: {chromedriverVersion: 86.0.4240.22 (398b0743353ff..., userDataDir: C:\Users\alaed\AppData\Loca...}, goog:chromeOptions: {debuggerAddress: localhost:54029}, javascriptEnabled: true, networkConnectionEnabled: false, pageLoadStrategy: normal, platform: WINDOWS, platformName: WINDOWS, proxy: Proxy(), setWindowRect: true, strictFileInteractability: false, timeouts: {implicit: 0, pageLoad: 300000, script: 30000}, unhandledPromptBehavior: dismiss and notify, webauthn:virtualAuthenticators: true}&#10;Session ID: 089c12c2753d10a3c80a81229dd2fcb9" type="org.openqa.selenium.ElementClickInterceptedException"><![CDATA[org.openqa.selenium.ElementClickInterceptedException: 
element click intercepted: Element <a id="footer_bofa_locations" href="https://locators.bankofamerica.com/">...</a> is not clickable at point (374, 915). Other element would receive the click: <a id="AMT2HXAC" href="https://about.bankofamerica.com/promo/assistance/latest-updates-from-bank-of-america-coronavirus/?cm_sp=EBZ-BAC-Announcement-_-BACAnnouncement-_-AMT2HXAC01_Engagement_Banner_CV_Payments_ShowToAll_EB_cvStimulusHlCta" class="engagement-banner-link">...</a>
  (Session info: chrome=87.0.4280.66)
Build info: version: '3.141.59', revision: 'e82be7d358', time: '2018-11-14T08:17:03'
System info: host: 'LAPTOP-8DAJPHUM', ip: '192.168.0.4', os.name: 'Windows 10', os.arch: 'amd64', os.version: '10.0', java.version: '11.0.8'
Driver info: org.openqa.selenium.chrome.ChromeDriver
Capabilities {acceptInsecureCerts: false, browserName: chrome, browserVersion: 87.0.4280.66, chrome: {chromedriverVersion: 86.0.4240.22 (398b0743353ff..., userDataDir: C:\Users\alaed\AppData\Loca...}, goog:chromeOptions: {debuggerAddress: localhost:54029}, javascriptEnabled: true, networkConnectionEnabled: false, pageLoadStrategy: normal, platform: WINDOWS, platformName: WINDOWS, proxy: Proxy(), setWindowRect: true, strictFileInteractability: false, timeouts: {implicit: 0, pageLoad: 300000, script: 30000}, unhandledPromptBehavior: dismiss and notify, webauthn:virtualAuthenticators: true}
Session ID: 089c12c2753d10a3c80a81229dd2fcb9
	at bancofamericamuseumTest.BOATest.investingMerrillHomePage(BOATest.java:62)
]]></failure>
    <system-err><![CDATA[Starting ChromeDriver 86.0.4240.22 (398b0743353ff36fb1b82468f63a3a93b4e2e89e-refs/branch-heads/4240@{#378}) on port 5377
Only local connections are allowed.
Please see https://chromedriver.chromium.org/security-considerations for suggestions on keeping ChromeDriver safe.
ChromeDriver was started successfully.
[1606832066.423][WARNING]: This version of ChromeDriver has not been tested with Chrome version 87.
Dec 01, 2020 9:14:28 AM org.openqa.selenium.remote.ProtocolHandshake createSession
INFO: Detected dialect: W3C
]]></system-err>
  </testcase>
  <testcase name="merrillGuideAdviser" classname="bancofamericamuseumTest.BOATest" time="1.105">
    <failure message="element click intercepted: Element &lt;a id=&quot;footer_bofa_locations&quot; href=&quot;https://locators.bankofamerica.com/&quot;&gt;...&lt;/a&gt; is not clickable at point (374, 915). Other element would receive the click: &lt;a id=&quot;AMT2HXAC&quot; href=&quot;https://about.bankofamerica.com/promo/assistance/latest-updates-from-bank-of-america-coronavirus/?cm_sp=EBZ-BAC-Announcement-_-BACAnnouncement-_-AMT2HXAC01_Engagement_Banner_CV_Payments_ShowToAll_EB_cvStimulusHlCta&quot; class=&quot;engagement-banner-link&quot;&gt;...&lt;/a&gt;&#10;  (Session info: chrome=87.0.4280.66)&#10;Build info: version: &apos;3.141.59&apos;, revision: &apos;e82be7d358&apos;, time: &apos;2018-11-14T08:17:03&apos;&#10;System info: host: &apos;LAPTOP-8DAJPHUM&apos;, ip: &apos;192.168.0.4&apos;, os.name: &apos;Windows 10&apos;, os.arch: &apos;amd64&apos;, os.version: &apos;10.0&apos;, java.version: &apos;11.0.8&apos;&#10;Driver info: org.openqa.selenium.chrome.ChromeDriver&#10;Capabilities {acceptInsecureCerts: false, browserName: chrome, browserVersion: 87.0.4280.66, chrome: {chromedriverVersion: 86.0.4240.22 (398b0743353ff..., userDataDir: C:\Users\alaed\AppData\Loca...}, goog:chromeOptions: {debuggerAddress: localhost:54100}, javascriptEnabled: true, networkConnectionEnabled: false, pageLoadStrategy: normal, platform: WINDOWS, platformName: WINDOWS, proxy: Proxy(), setWindowRect: true, strictFileInteractability: false, timeouts: {implicit: 0, pageLoad: 300000, script: 30000}, unhandledPromptBehavior: dismiss and notify, webauthn:virtualAuthenticators: true}&#10;Session ID: a00fb2405c4142d9ca9ce771e5badce4" type="org.openqa.selenium.ElementClickInterceptedException"><![CDATA[org.openqa.selenium.ElementClickInterceptedException: 
element click intercepted: Element <a id="footer_bofa_locations" href="https://locators.bankofamerica.com/">...</a> is not clickable at point (374, 915). Other element would receive the click: <a id="AMT2HXAC" href="https://about.bankofamerica.com/promo/assistance/latest-updates-from-bank-of-america-coronavirus/?cm_sp=EBZ-BAC-Announcement-_-BACAnnouncement-_-AMT2HXAC01_Engagement_Banner_CV_Payments_ShowToAll_EB_cvStimulusHlCta" class="engagement-banner-link">...</a>
  (Session info: chrome=87.0.4280.66)
Build info: version: '3.141.59', revision: 'e82be7d358', time: '2018-11-14T08:17:03'
System info: host: 'LAPTOP-8DAJPHUM', ip: '192.168.0.4', os.name: 'Windows 10', os.arch: 'amd64', os.version: '10.0', java.version: '11.0.8'
Driver info: org.openqa.selenium.chrome.ChromeDriver
Capabilities {acceptInsecureCerts: false, browserName: chrome, browserVersion: 87.0.4280.66, chrome: {chromedriverVersion: 86.0.4240.22 (398b0743353ff..., userDataDir: C:\Users\alaed\AppData\Loca...}, goog:chromeOptions: {debuggerAddress: localhost:54100}, javascriptEnabled: true, networkConnectionEnabled: false, pageLoadStrategy: normal, platform: WINDOWS, platformName: WINDOWS, proxy: Proxy(), setWindowRect: true, strictFileInteractability: false, timeouts: {implicit: 0, pageLoad: 300000, script: 30000}, unhandledPromptBehavior: dismiss and notify, webauthn:virtualAuthenticators: true}
Session ID: a00fb2405c4142d9ca9ce771e5badce4
	at bancofamericamuseumTest.BOATest.merrillGuideAdviser(BOATest.java:72)
]]></failure>
    <system-out><![CDATA[Screenshot captured
]]></system-out>
    <system-err><![CDATA[Starting ChromeDriver 86.0.4240.22 (398b0743353ff36fb1b82468f63a3a93b4e2e89e-refs/branch-heads/4240@{#378}) on port 34049
Only local connections are allowed.
Please see https://chromedriver.chromium.org/security-considerations for suggestions on keeping ChromeDriver safe.
ChromeDriver was started successfully.
[1606832084.981][WARNING]: This version of ChromeDriver has not been tested with Chrome version 87.
Dec 01, 2020 9:14:46 AM org.openqa.selenium.remote.ProtocolHandshake createSession
INFO: Detected dialect: W3C
]]></system-err>
  </testcase>
  <testcase name="openFilterFunctions" classname="bancofamericamuseumTest.BOATest" time="9.738">
    <system-out><![CDATA[Screenshot captured
]]></system-out>
    <system-err><![CDATA[Starting ChromeDriver 86.0.4240.22 (398b0743353ff36fb1b82468f63a3a93b4e2e89e-refs/branch-heads/4240@{#378}) on port 18174
Only local connections are allowed.
Please see https://chromedriver.chromium.org/security-considerations for suggestions on keeping ChromeDriver safe.
ChromeDriver was started successfully.
[1606832104.997][WARNING]: This version of ChromeDriver has not been tested with Chrome version 87.
Dec 01, 2020 9:15:07 AM org.openqa.selenium.remote.ProtocolHandshake createSession
INFO: Detected dialect: W3C
]]></system-err>
  </testcase>
  <testcase name="personalFinanceFunctions" classname="bancofamericamuseumTest.BOATest" time="30.162">
    <system-err><![CDATA[Starting ChromeDriver 86.0.4240.22 (398b0743353ff36fb1b82468f63a3a93b4e2e89e-refs/branch-heads/4240@{#378}) on port 38516
Only local connections are allowed.
Please see https://chromedriver.chromium.org/security-considerations for suggestions on keeping ChromeDriver safe.
ChromeDriver was started successfully.
[1606832125.437][WARNING]: This version of ChromeDriver has not been tested with Chrome version 87.
Dec 01, 2020 9:15:27 AM org.openqa.selenium.remote.ProtocolHandshake createSession
INFO: Detected dialect: W3C
]]></system-err>
  </testcase>
  <testcase name="sendMessageIntoChatBox" classname="bancofamericamuseumTest.BOATest" time="1.102">
    <failure message="element click intercepted: Element &lt;a id=&quot;footer_bofa_locations&quot; href=&quot;https://locators.bankofamerica.com/&quot;&gt;...&lt;/a&gt; is not clickable at point (374, 914). Other element would receive the click: &lt;a id=&quot;AMT2HXAC&quot; href=&quot;https://about.bankofamerica.com/promo/assistance/latest-updates-from-bank-of-america-coronavirus/?cm_sp=EBZ-BAC-Announcement-_-BACAnnouncement-_-AMT2HXAC01_Engagement_Banner_CV_Payments_ShowToAll_EB_cvStimulusHlCta&quot; class=&quot;engagement-banner-link&quot;&gt;...&lt;/a&gt;&#10;  (Session info: chrome=87.0.4280.66)&#10;Build info: version: &apos;3.141.59&apos;, revision: &apos;e82be7d358&apos;, time: &apos;2018-11-14T08:17:03&apos;&#10;System info: host: &apos;LAPTOP-8DAJPHUM&apos;, ip: &apos;192.168.0.4&apos;, os.name: &apos;Windows 10&apos;, os.arch: &apos;amd64&apos;, os.version: &apos;10.0&apos;, java.version: &apos;11.0.8&apos;&#10;Driver info: org.openqa.selenium.chrome.ChromeDriver&#10;Capabilities {acceptInsecureCerts: false, browserName: chrome, browserVersion: 87.0.4280.66, chrome: {chromedriverVersion: 86.0.4240.22 (398b0743353ff..., userDataDir: C:\Users\alaed\AppData\Loca...}, goog:chromeOptions: {debuggerAddress: localhost:54462}, javascriptEnabled: true, networkConnectionEnabled: false, pageLoadStrategy: normal, platform: WINDOWS, platformName: WINDOWS, proxy: Proxy(), setWindowRect: true, strictFileInteractability: false, timeouts: {implicit: 0, pageLoad: 300000, script: 30000}, unhandledPromptBehavior: dismiss and notify, webauthn:virtualAuthenticators: true}&#10;Session ID: 75fccc7394ee6bfcf3b72ee56456b52e" type="org.openqa.selenium.ElementClickInterceptedException"><![CDATA[org.openqa.selenium.ElementClickInterceptedException: 
element click intercepted: Element <a id="footer_bofa_locations" href="https://locators.bankofamerica.com/">...</a> is not clickable at point (374, 914). Other element would receive the click: <a id="AMT2HXAC" href="https://about.bankofamerica.com/promo/assistance/latest-updates-from-bank-of-america-coronavirus/?cm_sp=EBZ-BAC-Announcement-_-BACAnnouncement-_-AMT2HXAC01_Engagement_Banner_CV_Payments_ShowToAll_EB_cvStimulusHlCta" class="engagement-banner-link">...</a>
  (Session info: chrome=87.0.4280.66)
Build info: version: '3.141.59', revision: 'e82be7d358', time: '2018-11-14T08:17:03'
System info: host: 'LAPTOP-8DAJPHUM', ip: '192.168.0.4', os.name: 'Windows 10', os.arch: 'amd64', os.version: '10.0', java.version: '11.0.8'
Driver info: org.openqa.selenium.chrome.ChromeDriver
Capabilities {acceptInsecureCerts: false, browserName: chrome, browserVersion: 87.0.4280.66, chrome: {chromedriverVersion: 86.0.4240.22 (398b0743353ff..., userDataDir: C:\Users\alaed\AppData\Loca...}, goog:chromeOptions: {debuggerAddress: localhost:54462}, javascriptEnabled: true, networkConnectionEnabled: false, pageLoadStrategy: normal, platform: WINDOWS, platformName: WINDOWS, proxy: Proxy(), setWindowRect: true, strictFileInteractability: false, timeouts: {implicit: 0, pageLoad: 300000, script: 30000}, unhandledPromptBehavior: dismiss and notify, webauthn:virtualAuthenticators: true}
Session ID: 75fccc7394ee6bfcf3b72ee56456b52e
	at bancofamericamuseumTest.BOATest.sendMessageIntoChatBox(BOATest.java:82)
]]></failure>
    <system-err><![CDATA[Starting ChromeDriver 86.0.4240.22 (398b0743353ff36fb1b82468f63a3a93b4e2e89e-refs/branch-heads/4240@{#378}) on port 1786
Only local connections are allowed.
Please see https://chromedriver.chromium.org/security-considerations for suggestions on keeping ChromeDriver safe.
ChromeDriver was started successfully.
[1606832166.356][WARNING]: This version of ChromeDriver has not been tested with Chrome version 87.
Dec 01, 2020 9:16:08 AM org.openqa.selenium.remote.ProtocolHandshake createSession
INFO: Detected dialect: W3C
]]></system-err>
  </testcase>
  <testcase name="validateTheLocationInMap" classname="bancofamericamuseumTest.BOATest" time="16.512">
    <system-out><![CDATA[Screenshot captured
]]></system-out>
    <system-err><![CDATA[Starting ChromeDriver 86.0.4240.22 (398b0743353ff36fb1b82468f63a3a93b4e2e89e-refs/branch-heads/4240@{#378}) on port 44262
Only local connections are allowed.
Please see https://chromedriver.chromium.org/security-considerations for suggestions on keeping ChromeDriver safe.
ChromeDriver was started successfully.
[1606832188.894][WARNING]: This version of ChromeDriver has not been tested with Chrome version 87.
Dec 01, 2020 9:16:30 AM org.openqa.selenium.remote.ProtocolHandshake createSession
INFO: Detected dialect: W3C
]]></system-err>
  </testcase>
</testsuite>